<?xml version="1.0" encoding="UTF-8"?>
<coverage generated="1530012218958" clover="3.2.0">
  <project timestamp="1530012218959" name="All files">
    <metrics statements="214" coveredstatements="126" conditionals="97" coveredconditionals="60" methods="87" coveredmethods="19" elements="398" coveredelements="205" complexity="0" loc="214" ncloc="214" packages="11" files="27" classes="27">
      <package name="js">
        <metrics statements="24" coveredstatements="23" conditionals="6" coveredconditionals="4" methods="4" coveredmethods="3"/>
        <file name="constantsActions.js" path="/media/daniil/DaniilDisk/development/AudioPlayer/src/js/constantsActions.js">
          <metrics statements="15" coveredstatements="15" conditionals="0" coveredconditionals="0" methods="0" coveredmethods="0"/>
          <line num="3" count="4" type="stmt"/>
          <line num="5" count="4" type="stmt"/>
          <line num="6" count="4" type="stmt"/>
          <line num="7" count="4" type="stmt"/>
          <line num="8" count="4" type="stmt"/>
          <line num="9" count="4" type="stmt"/>
          <line num="10" count="4" type="stmt"/>
          <line num="11" count="4" type="stmt"/>
          <line num="12" count="4" type="stmt"/>
          <line num="13" count="4" type="stmt"/>
          <line num="15" count="4" type="stmt"/>
          <line num="16" count="4" type="stmt"/>
          <line num="17" count="4" type="stmt"/>
          <line num="18" count="4" type="stmt"/>
          <line num="19" count="4" type="stmt"/>
        </file>
        <file name="flow-typed.js" path="/media/daniil/DaniilDisk/development/AudioPlayer/src/js/flow-typed.js">
          <metrics statements="0" coveredstatements="0" conditionals="0" coveredconditionals="0" methods="0" coveredmethods="0"/>
        </file>
        <file name="helper.js" path="/media/daniil/DaniilDisk/development/AudioPlayer/src/js/helper.js">
          <metrics statements="9" coveredstatements="8" conditionals="6" coveredconditionals="4" methods="4" coveredmethods="3"/>
          <line num="5" count="3" type="stmt"/>
          <line num="6" count="8" type="stmt"/>
          <line num="7" count="8" type="cond" truecount="2" falsecount="0"/>
          <line num="8" count="8" type="stmt"/>
          <line num="11" count="3" type="stmt"/>
          <line num="16" count="4" type="cond" truecount="1" falsecount="1"/>
          <line num="19" count="3" type="stmt"/>
          <line num="20" count="4" type="cond" truecount="1" falsecount="1"/>
          <line num="21" count="0" type="stmt"/>
        </file>
      </package>
      <package name="js.AC">
        <metrics statements="16" coveredstatements="5" conditionals="0" coveredconditionals="0" methods="15" coveredmethods="4"/>
        <file name="index.js" path="/media/daniil/DaniilDisk/development/AudioPlayer/src/js/AC/index.js">
          <metrics statements="16" coveredstatements="5" conditionals="0" coveredconditionals="0" methods="15" coveredmethods="4"/>
          <line num="22" count="0" type="stmt"/>
          <line num="28" count="0" type="stmt"/>
          <line num="34" count="0" type="stmt"/>
          <line num="40" count="0" type="stmt"/>
          <line num="46" count="0" type="stmt"/>
          <line num="52" count="0" type="stmt"/>
          <line num="59" count="0" type="stmt"/>
          <line num="66" count="0" type="stmt"/>
          <line num="73" count="0" type="stmt"/>
          <line num="80" count="0" type="stmt"/>
          <line num="87" count="1" type="stmt"/>
          <line num="88" count="1" type="stmt"/>
          <line num="92" count="1" type="stmt"/>
          <line num="96" count="1" type="stmt"/>
          <line num="97" count="1" type="stmt"/>
          <line num="101" count="0" type="stmt"/>
        </file>
      </package>
      <package name="js.components.ControlPanel">
        <metrics statements="6" coveredstatements="3" conditionals="13" coveredconditionals="13" methods="4" coveredmethods="1"/>
        <file name="index.jsx" path="/media/daniil/DaniilDisk/development/AudioPlayer/src/js/components/ControlPanel/index.jsx">
          <metrics statements="6" coveredstatements="3" conditionals="13" coveredconditionals="13" methods="4" coveredmethods="1"/>
          <line num="53" count="4" type="stmt"/>
          <line num="54" count="4" type="stmt"/>
          <line num="55" count="4" type="stmt"/>
          <line num="92" count="0" type="stmt"/>
          <line num="121" count="0" type="stmt"/>
          <line num="124" count="0" type="stmt"/>
        </file>
      </package>
      <package name="js.components.ControlPanel.Road">
        <metrics statements="30" coveredstatements="0" conditionals="12" coveredconditionals="0" methods="11" coveredmethods="0"/>
        <file name="index.jsx" path="/media/daniil/DaniilDisk/development/AudioPlayer/src/js/components/ControlPanel/Road/index.jsx">
          <metrics statements="30" coveredstatements="0" conditionals="12" coveredconditionals="0" methods="11" coveredmethods="0"/>
          <line num="11" count="0" type="cond" truecount="0" falsecount="2"/>
          <line num="12" count="0" type="stmt"/>
          <line num="16" count="0" type="stmt"/>
          <line num="17" count="0" type="stmt"/>
          <line num="18" count="0" type="stmt"/>
          <line num="19" count="0" type="stmt"/>
          <line num="26" count="0" type="stmt"/>
          <line num="27" count="0" type="stmt"/>
          <line num="28" count="0" type="stmt"/>
          <line num="31" count="0" type="stmt"/>
          <line num="43" count="0" type="stmt"/>
          <line num="44" count="0" type="stmt"/>
          <line num="48" count="0" type="stmt"/>
          <line num="52" count="0" type="cond" truecount="0" falsecount="2"/>
          <line num="53" count="0" type="stmt"/>
          <line num="57" count="0" type="cond" truecount="0" falsecount="2"/>
          <line num="58" count="0" type="stmt"/>
          <line num="59" count="0" type="cond" truecount="0" falsecount="2"/>
          <line num="60" count="0" type="stmt"/>
          <line num="61" count="0" type="cond" truecount="0" falsecount="2"/>
          <line num="62" count="0" type="stmt"/>
          <line num="63" count="0" type="stmt"/>
          <line num="64" count="0" type="stmt"/>
          <line num="65" count="0" type="stmt"/>
          <line num="69" count="0" type="cond" truecount="0" falsecount="2"/>
          <line num="70" count="0" type="stmt"/>
          <line num="74" count="0" type="stmt"/>
          <line num="75" count="0" type="stmt"/>
          <line num="79" count="0" type="stmt"/>
          <line num="80" count="0" type="stmt"/>
        </file>
      </package>
      <package name="js.components.ControlPanel.styledComponents">
        <metrics statements="46" coveredstatements="14" conditionals="8" coveredconditionals="0" methods="36" coveredmethods="0"/>
        <file name="ControlPanelWrapper.js" path="/media/daniil/DaniilDisk/development/AudioPlayer/src/js/components/ControlPanel/styledComponents/ControlPanelWrapper.js">
          <metrics statements="1" coveredstatements="1" conditionals="0" coveredconditionals="0" methods="0" coveredmethods="0"/>
          <line num="3" count="1" type="stmt"/>
        </file>
        <file name="NameTrack.js" path="/media/daniil/DaniilDisk/development/AudioPlayer/src/js/components/ControlPanel/styledComponents/NameTrack.js">
          <metrics statements="1" coveredstatements="1" conditionals="0" coveredconditionals="0" methods="0" coveredmethods="0"/>
          <line num="3" count="1" type="stmt"/>
        </file>
        <file name="NextTrack.js" path="/media/daniil/DaniilDisk/development/AudioPlayer/src/js/components/ControlPanel/styledComponents/NextTrack.js">
          <metrics statements="6" coveredstatements="1" conditionals="0" coveredconditionals="0" methods="5" coveredmethods="0"/>
          <line num="9" count="1" type="stmt"/>
          <line num="13" count="0" type="stmt"/>
          <line num="20" count="0" type="stmt"/>
          <line num="24" count="0" type="stmt"/>
          <line num="28" count="0" type="stmt"/>
          <line num="30" count="0" type="stmt"/>
        </file>
        <file name="PlayTrack.js" path="/media/daniil/DaniilDisk/development/AudioPlayer/src/js/components/ControlPanel/styledComponents/PlayTrack.js">
          <metrics statements="4" coveredstatements="1" conditionals="0" coveredconditionals="0" methods="3" coveredmethods="0"/>
          <line num="8" count="1" type="stmt"/>
          <line num="12" count="0" type="stmt"/>
          <line num="17" count="0" type="stmt"/>
          <line num="19" count="0" type="stmt"/>
        </file>
        <file name="PrevTrack.js" path="/media/daniil/DaniilDisk/development/AudioPlayer/src/js/components/ControlPanel/styledComponents/PrevTrack.js">
          <metrics statements="6" coveredstatements="1" conditionals="0" coveredconditionals="0" methods="5" coveredmethods="0"/>
          <line num="9" count="1" type="stmt"/>
          <line num="13" count="0" type="stmt"/>
          <line num="20" count="0" type="stmt"/>
          <line num="24" count="0" type="stmt"/>
          <line num="28" count="0" type="stmt"/>
          <line num="30" count="0" type="stmt"/>
        </file>
        <file name="RepeatTrack.js" path="/media/daniil/DaniilDisk/development/AudioPlayer/src/js/components/ControlPanel/styledComponents/RepeatTrack.js">
          <metrics statements="13" coveredstatements="3" conditionals="8" coveredconditionals="0" methods="12" coveredmethods="0"/>
          <line num="3" count="1" type="stmt"/>
          <line num="4" count="1" type="stmt"/>
          <line num="6" count="1" type="stmt"/>
          <line num="7" count="0" type="stmt"/>
          <line num="8" count="0" type="stmt"/>
          <line num="10" count="0" type="cond" truecount="0" falsecount="2"/>
          <line num="18" count="0" type="stmt"/>
          <line num="19" count="0" type="stmt"/>
          <line num="20" count="0" type="stmt"/>
          <line num="21" count="0" type="cond" truecount="0" falsecount="2"/>
          <line num="22" count="0" type="stmt"/>
          <line num="28" count="0" type="cond" truecount="0" falsecount="2"/>
          <line num="30" count="0" type="cond" truecount="0" falsecount="2"/>
        </file>
        <file name="StopTrack.js" path="/media/daniil/DaniilDisk/development/AudioPlayer/src/js/components/ControlPanel/styledComponents/StopTrack.js">
          <metrics statements="8" coveredstatements="2" conditionals="0" coveredconditionals="0" methods="8" coveredmethods="0"/>
          <line num="4" count="1" type="stmt"/>
          <line num="6" count="1" type="stmt"/>
          <line num="7" count="0" type="stmt"/>
          <line num="8" count="0" type="stmt"/>
          <line num="9" count="0" type="stmt"/>
          <line num="10" count="0" type="stmt"/>
          <line num="14" count="0" type="stmt"/>
          <line num="15" count="0" type="stmt"/>
        </file>
        <file name="TimeTrack.js" path="/media/daniil/DaniilDisk/development/AudioPlayer/src/js/components/ControlPanel/styledComponents/TimeTrack.js">
          <metrics statements="1" coveredstatements="1" conditionals="0" coveredconditionals="0" methods="0" coveredmethods="0"/>
          <line num="4" count="1" type="stmt"/>
        </file>
        <file name="helper.js" path="/media/daniil/DaniilDisk/development/AudioPlayer/src/js/components/ControlPanel/styledComponents/helper.js">
          <metrics statements="6" coveredstatements="3" conditionals="0" coveredconditionals="0" methods="3" coveredmethods="0"/>
          <line num="1" count="1" type="stmt"/>
          <line num="2" count="0" type="stmt"/>
          <line num="4" count="1" type="stmt"/>
          <line num="5" count="0" type="stmt"/>
          <line num="7" count="1" type="stmt"/>
          <line num="8" count="0" type="stmt"/>
        </file>
      </package>
      <package name="js.components.PlayList">
        <metrics statements="15" coveredstatements="13" conditionals="12" coveredconditionals="12" methods="6" coveredmethods="5"/>
        <file name="index.jsx" path="/media/daniil/DaniilDisk/development/AudioPlayer/src/js/components/PlayList/index.jsx">
          <metrics statements="15" coveredstatements="13" conditionals="12" coveredconditionals="12" methods="6" coveredmethods="5"/>
          <line num="33" count="8" type="stmt"/>
          <line num="34" count="8" type="stmt"/>
          <line num="38" count="1" type="stmt"/>
          <line num="48" count="6" type="stmt"/>
          <line num="63" count="6" type="stmt"/>
          <line num="66" count="3" type="stmt"/>
          <line num="68" count="3" type="cond" truecount="2" falsecount="0"/>
          <line num="69" count="1" type="stmt"/>
          <line num="70" count="1" type="stmt"/>
          <line num="71" count="1" type="stmt"/>
          <line num="74" count="2" type="cond" truecount="2" falsecount="0"/>
          <line num="75" count="1" type="stmt"/>
          <line num="77" count="1" type="stmt"/>
          <line num="88" count="0" type="stmt"/>
          <line num="89" count="0" type="stmt"/>
        </file>
      </package>
      <package name="js.components.PlayList.ItemPlayList">
        <metrics statements="2" coveredstatements="1" conditionals="0" coveredconditionals="0" methods="1" coveredmethods="0"/>
        <file name="index.jsx" path="/media/daniil/DaniilDisk/development/AudioPlayer/src/js/components/PlayList/ItemPlayList/index.jsx">
          <metrics statements="2" coveredstatements="1" conditionals="0" coveredconditionals="0" methods="1" coveredmethods="0"/>
          <line num="12" count="1" type="stmt"/>
          <line num="15" count="0" type="stmt"/>
        </file>
      </package>
      <package name="js.components.PlayList.ItemPlayList.styledComponents">
        <metrics statements="4" coveredstatements="2" conditionals="4" coveredconditionals="0" methods="2" coveredmethods="0"/>
        <file name="DurationTimeTrack.js" path="/media/daniil/DaniilDisk/development/AudioPlayer/src/js/components/PlayList/ItemPlayList/styledComponents/DurationTimeTrack.js">
          <metrics statements="1" coveredstatements="1" conditionals="0" coveredconditionals="0" methods="0" coveredmethods="0"/>
          <line num="3" count="1" type="stmt"/>
        </file>
        <file name="ItemPlayLIstWrapper.js" path="/media/daniil/DaniilDisk/development/AudioPlayer/src/js/components/PlayList/ItemPlayList/styledComponents/ItemPlayLIstWrapper.js">
          <metrics statements="3" coveredstatements="1" conditionals="4" coveredconditionals="0" methods="2" coveredmethods="0"/>
          <line num="3" count="1" type="stmt"/>
          <line num="6" count="0" type="cond" truecount="0" falsecount="2"/>
          <line num="9" count="0" type="cond" truecount="0" falsecount="2"/>
        </file>
      </package>
      <package name="js.components.PlayList.styledComponents">
        <metrics statements="6" coveredstatements="6" conditionals="0" coveredconditionals="0" methods="0" coveredmethods="0"/>
        <file name="EmptyPlayList.js" path="/media/daniil/DaniilDisk/development/AudioPlayer/src/js/components/PlayList/styledComponents/EmptyPlayList.js">
          <metrics statements="1" coveredstatements="1" conditionals="0" coveredconditionals="0" methods="0" coveredmethods="0"/>
          <line num="3" count="1" type="stmt"/>
        </file>
        <file name="LoadFail.js" path="/media/daniil/DaniilDisk/development/AudioPlayer/src/js/components/PlayList/styledComponents/LoadFail.js">
          <metrics statements="1" coveredstatements="1" conditionals="0" coveredconditionals="0" methods="0" coveredmethods="0"/>
          <line num="3" count="1" type="stmt"/>
        </file>
        <file name="Loading.js" path="/media/daniil/DaniilDisk/development/AudioPlayer/src/js/components/PlayList/styledComponents/Loading.js">
          <metrics statements="1" coveredstatements="1" conditionals="0" coveredconditionals="0" methods="0" coveredmethods="0"/>
          <line num="3" count="1" type="stmt"/>
        </file>
        <file name="MainPlayListWrapper.js" path="/media/daniil/DaniilDisk/development/AudioPlayer/src/js/components/PlayList/styledComponents/MainPlayListWrapper.js">
          <metrics statements="1" coveredstatements="1" conditionals="0" coveredconditionals="0" methods="0" coveredmethods="0"/>
          <line num="3" count="1" type="stmt"/>
        </file>
        <file name="PlayListWrapper.js" path="/media/daniil/DaniilDisk/development/AudioPlayer/src/js/components/PlayList/styledComponents/PlayListWrapper.js">
          <metrics statements="1" coveredstatements="1" conditionals="0" coveredconditionals="0" methods="0" coveredmethods="0"/>
          <line num="3" count="1" type="stmt"/>
        </file>
        <file name="SearcherInput.js" path="/media/daniil/DaniilDisk/development/AudioPlayer/src/js/components/PlayList/styledComponents/SearcherInput.js">
          <metrics statements="1" coveredstatements="1" conditionals="0" coveredconditionals="0" methods="0" coveredmethods="0"/>
          <line num="3" count="1" type="stmt"/>
        </file>
      </package>
      <package name="js.reducer">
        <metrics statements="60" coveredstatements="56" conditionals="42" coveredconditionals="31" methods="6" coveredmethods="6"/>
        <file name="controlPlayer.js" path="/media/daniil/DaniilDisk/development/AudioPlayer/src/js/reducer/controlPlayer.js">
          <metrics statements="60" coveredstatements="56" conditionals="42" coveredconditionals="31" methods="6" coveredmethods="6"/>
          <line num="27" count="1" type="stmt"/>
          <line num="42" count="17" type="stmt"/>
          <line num="44" count="17" type="stmt"/>
          <line num="46" count="8" type="stmt"/>
          <line num="47" count="5" type="cond" truecount="2" falsecount="1"/>
          <line num="48" count="5" type="stmt"/>
          <line num="49" count="5" type="stmt"/>
          <line num="52" count="17" type="stmt"/>
          <line num="53" count="4" type="cond" truecount="1" falsecount="1"/>
          <line num="54" count="4" type="stmt"/>
          <line num="55" count="4" type="stmt"/>
          <line num="58" count="17" type="cond" truecount="13" falsecount="1"/>
          <line num="60" count="2" type="cond" truecount="2" falsecount="0"/>
          <line num="61" count="1" type="stmt"/>
          <line num="62" count="1" type="stmt"/>
          <line num="66" count="2" type="cond" truecount="2" falsecount="0"/>
          <line num="67" count="1" type="stmt"/>
          <line num="68" count="1" type="stmt"/>
          <line num="72" count="3" type="stmt"/>
          <line num="73" count="3" type="cond" truecount="1" falsecount="1"/>
          <line num="75" count="3" type="stmt"/>
          <line num="76" count="3" type="cond" truecount="1" falsecount="1"/>
          <line num="77" count="3" type="stmt"/>
          <line num="78" count="4" type="cond" truecount="2" falsecount="0"/>
          <line num="79" count="3" type="cond" truecount="1" falsecount="1"/>
          <line num="80" count="0" type="stmt"/>
          <line num="82" count="3" type="stmt"/>
          <line num="83" count="3" type="stmt"/>
          <line num="91" count="1" type="stmt"/>
          <line num="92" count="1" type="cond" truecount="1" falsecount="1"/>
          <line num="94" count="1" type="stmt"/>
          <line num="95" count="1" type="cond" truecount="1" falsecount="1"/>
          <line num="96" count="1" type="stmt"/>
          <line num="97" count="2" type="cond" truecount="2" falsecount="0"/>
          <line num="98" count="1" type="cond" truecount="1" falsecount="1"/>
          <line num="99" count="0" type="stmt"/>
          <line num="101" count="1" type="cond" truecount="1" falsecount="1"/>
          <line num="102" count="1" type="stmt"/>
          <line num="110" count="1" type="stmt"/>
          <line num="111" count="1" type="stmt"/>
          <line num="112" count="1" type="stmt"/>
          <line num="116" count="1" type="stmt"/>
          <line num="117" count="1" type="stmt"/>
          <line num="118" count="1" type="stmt"/>
          <line num="122" count="1" type="stmt"/>
          <line num="123" count="1" type="stmt"/>
          <line num="127" count="1" type="stmt"/>
          <line num="128" count="1" type="stmt"/>
          <line num="129" count="1" type="stmt"/>
          <line num="133" count="1" type="stmt"/>
          <line num="134" count="1" type="stmt"/>
          <line num="138" count="1" type="stmt"/>
          <line num="142" count="1" type="stmt"/>
          <line num="143" count="1" type="stmt"/>
          <line num="152" count="1" type="stmt"/>
          <line num="153" count="1" type="stmt"/>
          <line num="157" count="1" type="stmt"/>
          <line num="158" count="1" type="stmt"/>
          <line num="166" count="0" type="stmt"/>
          <line num="167" count="0" type="stmt"/>
        </file>
      </package>
      <package name="js.selectors">
        <metrics statements="5" coveredstatements="3" conditionals="0" coveredconditionals="0" methods="2" coveredmethods="0"/>
        <file name="index.js" path="/media/daniil/DaniilDisk/development/AudioPlayer/src/js/selectors/index.js">
          <metrics statements="5" coveredstatements="3" conditionals="0" coveredconditionals="0" methods="2" coveredmethods="0"/>
          <line num="8" count="1" type="stmt"/>
          <line num="9" count="0" type="stmt"/>
          <line num="10" count="1" type="stmt"/>
          <line num="11" count="0" type="stmt"/>
          <line num="13" count="1" type="stmt"/>
        </file>
      </package>
    </metrics>
  </project>
</coverage>
