{"/media/daniil/DaniilDisk/development/AudioPlayer/src/js/constantsActions.js": {"path":"/media/daniil/DaniilDisk/development/AudioPlayer/src/js/constantsActions.js","statementMap":{"0":{"start":{"line":3,"column":21},"end":{"line":3,"column":29}},"1":{"start":{"line":5,"column":21},"end":{"line":5,"column":28}},"2":{"start":{"line":6,"column":20},"end":{"line":6,"column":26}},"3":{"start":{"line":7,"column":20},"end":{"line":7,"column":26}},"4":{"start":{"line":8,"column":20},"end":{"line":8,"column":26}},"5":{"start":{"line":9,"column":20},"end":{"line":9,"column":26}},"6":{"start":{"line":10,"column":22},"end":{"line":10,"column":30}},"7":{"start":{"line":11,"column":30},"end":{"line":11,"column":46}},"8":{"start":{"line":12,"column":22},"end":{"line":12,"column":30}},"9":{"start":{"line":13,"column":32},"end":{"line":13,"column":50}},"10":{"start":{"line":15,"column":19},"end":{"line":15,"column":25}},"11":{"start":{"line":16,"column":20},"end":{"line":16,"column":27}},"12":{"start":{"line":17,"column":21},"end":{"line":17,"column":29}},"13":{"start":{"line":18,"column":22},"end":{"line":18,"column":31}},"14":{"start":{"line":19,"column":20},"end":{"line":19,"column":27}}},"fnMap":{},"branchMap":{},"s":{"0":4,"1":4,"2":4,"3":4,"4":4,"5":4,"6":4,"7":4,"8":4,"9":4,"10":4,"11":4,"12":4,"13":4,"14":4},"f":{},"b":{},"_coverageSchema":"332fd63041d2c1bcb487cc26dd0d5f7d97098a6c","hash":"89246074a6044917e37bcb5efcc41bb64d73413b"}
,"/media/daniil/DaniilDisk/development/AudioPlayer/src/js/flow-typed.js": {"path":"/media/daniil/DaniilDisk/development/AudioPlayer/src/js/flow-typed.js","statementMap":{},"fnMap":{},"branchMap":{},"s":{},"f":{},"b":{},"_coverageSchema":"332fd63041d2c1bcb487cc26dd0d5f7d97098a6c","hash":"c73f68595db48013823b40088be11b9b8bfe7e5a"}
,"/media/daniil/DaniilDisk/development/AudioPlayer/src/js/helper.js": {"path":"/media/daniil/DaniilDisk/development/AudioPlayer/src/js/helper.js","statementMap":{"0":{"start":{"line":5,"column":37},"end":{"line":9,"column":1}},"1":{"start":{"line":6,"column":11},"end":{"line":6,"column":31}},"2":{"start":{"line":7,"column":1},"end":{"line":7,"column":59}},"3":{"start":{"line":8,"column":1},"end":{"line":8,"column":41}},"4":{"start":{"line":11,"column":38},"end":{"line":17,"column":1}},"5":{"start":{"line":16,"column":1},"end":{"line":16,"column":111}},"6":{"start":{"line":19,"column":30},"end":{"line":22,"column":1}},"7":{"start":{"line":20,"column":1},"end":{"line":20,"column":35}},"8":{"start":{"line":20,"column":24},"end":{"line":20,"column":35}},"9":{"start":{"line":21,"column":1},"end":{"line":21,"column":72}},"10":{"start":{"line":21,"column":38},"end":{"line":21,"column":70}}},"fnMap":{"0":{"name":"(anonymous_0)","decl":{"start":{"line":5,"column":37},"end":{"line":5,"column":38}},"loc":{"start":{"line":5,"column":54},"end":{"line":9,"column":1}},"line":5},"1":{"name":"(anonymous_1)","decl":{"start":{"line":11,"column":38},"end":{"line":11,"column":39}},"loc":{"start":{"line":16,"column":1},"end":{"line":16,"column":111}},"line":16},"2":{"name":"(anonymous_2)","decl":{"start":{"line":19,"column":30},"end":{"line":19,"column":31}},"loc":{"start":{"line":19,"column":69},"end":{"line":22,"column":1}},"line":19},"3":{"name":"(anonymous_3)","decl":{"start":{"line":21,"column":19},"end":{"line":21,"column":20}},"loc":{"start":{"line":21,"column":38},"end":{"line":21,"column":70}},"line":21}},"branchMap":{"0":{"loc":{"start":{"line":7,"column":7},"end":{"line":7,"column":58}},"type":"cond-expr","locations":[{"start":{"line":7,"column":38},"end":{"line":7,"column":47}},{"start":{"line":7,"column":50},"end":{"line":7,"column":58}}],"line":7},"1":{"loc":{"start":{"line":16,"column":26},"end":{"line":16,"column":71}},"type":"cond-expr","locations":[{"start":{"line":16,"column":35},"end":{"line":16,"column":57}},{"start":{"line":16,"column":60},"end":{"line":16,"column":71}}],"line":16},"2":{"loc":{"start":{"line":20,"column":1},"end":{"line":20,"column":35}},"type":"if","locations":[{"start":{"line":20,"column":1},"end":{"line":20,"column":35}},{"start":{"line":20,"column":1},"end":{"line":20,"column":35}}],"line":20}},"s":{"0":3,"1":8,"2":8,"3":8,"4":3,"5":4,"6":3,"7":4,"8":4,"9":0,"10":0},"f":{"0":8,"1":4,"2":4,"3":0},"b":{"0":[4,4],"1":[0,4],"2":[4,0]},"_coverageSchema":"332fd63041d2c1bcb487cc26dd0d5f7d97098a6c","hash":"cb173a6eb3be1f158b2c2eb46d16a68f3f0ce3c6"}
,"/media/daniil/DaniilDisk/development/AudioPlayer/src/js/AC/index.js": {"path":"/media/daniil/DaniilDisk/development/AudioPlayer/src/js/AC/index.js","statementMap":{"0":{"start":{"line":22,"column":1},"end":{"line":24,"column":3}},"1":{"start":{"line":28,"column":1},"end":{"line":30,"column":3}},"2":{"start":{"line":34,"column":1},"end":{"line":36,"column":3}},"3":{"start":{"line":40,"column":1},"end":{"line":42,"column":3}},"4":{"start":{"line":46,"column":1},"end":{"line":48,"column":3}},"5":{"start":{"line":52,"column":1},"end":{"line":55,"column":3}},"6":{"start":{"line":59,"column":1},"end":{"line":62,"column":3}},"7":{"start":{"line":66,"column":1},"end":{"line":69,"column":3}},"8":{"start":{"line":73,"column":1},"end":{"line":76,"column":3}},"9":{"start":{"line":80,"column":1},"end":{"line":83,"column":3}},"10":{"start":{"line":87,"column":1},"end":{"line":105,"column":3}},"11":{"start":{"line":88,"column":2},"end":{"line":90,"column":5}},"12":{"start":{"line":92,"column":2},"end":{"line":104,"column":7}},"13":{"start":{"line":96,"column":21},"end":{"line":96,"column":36}},"14":{"start":{"line":97,"column":21},"end":{"line":100,"column":5}},"15":{"start":{"line":101,"column":19},"end":{"line":104,"column":5}}},"fnMap":{"0":{"name":"pausePlayer","decl":{"start":{"line":21,"column":16},"end":{"line":21,"column":27}},"loc":{"start":{"line":21,"column":30},"end":{"line":25,"column":1}},"line":21},"1":{"name":"playPlayer","decl":{"start":{"line":27,"column":16},"end":{"line":27,"column":26}},"loc":{"start":{"line":27,"column":29},"end":{"line":31,"column":1}},"line":27},"2":{"name":"nextPlayer","decl":{"start":{"line":33,"column":16},"end":{"line":33,"column":26}},"loc":{"start":{"line":33,"column":29},"end":{"line":37,"column":1}},"line":33},"3":{"name":"prevPlayer","decl":{"start":{"line":39,"column":16},"end":{"line":39,"column":26}},"loc":{"start":{"line":39,"column":29},"end":{"line":43,"column":1}},"line":39},"4":{"name":"repeatPlayer","decl":{"start":{"line":45,"column":16},"end":{"line":45,"column":28}},"loc":{"start":{"line":45,"column":31},"end":{"line":49,"column":1}},"line":45},"5":{"name":"setTrack","decl":{"start":{"line":51,"column":16},"end":{"line":51,"column":24}},"loc":{"start":{"line":51,"column":37},"end":{"line":56,"column":1}},"line":51},"6":{"name":"setTimeTrack","decl":{"start":{"line":58,"column":16},"end":{"line":58,"column":28}},"loc":{"start":{"line":58,"column":43},"end":{"line":63,"column":1}},"line":58},"7":{"name":"setVolume","decl":{"start":{"line":65,"column":16},"end":{"line":65,"column":25}},"loc":{"start":{"line":65,"column":42},"end":{"line":70,"column":1}},"line":65},"8":{"name":"giveTimeTrack","decl":{"start":{"line":72,"column":16},"end":{"line":72,"column":29}},"loc":{"start":{"line":72,"column":69},"end":{"line":77,"column":1}},"line":72},"9":{"name":"setSearchPlayList","decl":{"start":{"line":79,"column":16},"end":{"line":79,"column":33}},"loc":{"start":{"line":79,"column":58},"end":{"line":84,"column":1}},"line":79},"10":{"name":"loadPlayList","decl":{"start":{"line":86,"column":16},"end":{"line":86,"column":28}},"loc":{"start":{"line":86,"column":42},"end":{"line":106,"column":1}},"line":86},"11":{"name":"(anonymous_11)","decl":{"start":{"line":87,"column":8},"end":{"line":87,"column":9}},"loc":{"start":{"line":87,"column":20},"end":{"line":105,"column":2}},"line":87},"12":{"name":"(anonymous_12)","decl":{"start":{"line":96,"column":9},"end":{"line":96,"column":10}},"loc":{"start":{"line":96,"column":21},"end":{"line":96,"column":36}},"line":96},"13":{"name":"(anonymous_13)","decl":{"start":{"line":97,"column":9},"end":{"line":97,"column":10}},"loc":{"start":{"line":97,"column":21},"end":{"line":100,"column":5}},"line":97},"14":{"name":"(anonymous_14)","decl":{"start":{"line":101,"column":10},"end":{"line":101,"column":11}},"loc":{"start":{"line":101,"column":19},"end":{"line":104,"column":5}},"line":101}},"branchMap":{},"s":{"0":0,"1":0,"2":0,"3":0,"4":0,"5":0,"6":0,"7":0,"8":0,"9":0,"10":1,"11":1,"12":1,"13":1,"14":1,"15":0},"f":{"0":0,"1":0,"2":0,"3":0,"4":0,"5":0,"6":0,"7":0,"8":0,"9":0,"10":1,"11":1,"12":1,"13":1,"14":0},"b":{},"_coverageSchema":"332fd63041d2c1bcb487cc26dd0d5f7d97098a6c","hash":"850bbb8b7abf7133ca4e31e116441a7a74bccf56"}
,"/media/daniil/DaniilDisk/development/AudioPlayer/src/js/components/ControlPanel/index.jsx": {"path":"/media/daniil/DaniilDisk/development/AudioPlayer/src/js/components/ControlPanel/index.jsx","statementMap":{"0":{"start":{"line":53,"column":6},"end":{"line":53,"column":16}},"1":{"start":{"line":54,"column":25},"end":{"line":54,"column":35}},"2":{"start":{"line":55,"column":2},"end":{"line":113,"column":4}},"3":{"start":{"line":92,"column":20},"end":{"line":92,"column":62}},"4":{"start":{"line":121,"column":7},"end":{"line":127,"column":1}},"5":{"start":{"line":124,"column":30},"end":{"line":124,"column":54}}},"fnMap":{"0":{"name":"(anonymous_0)","decl":{"start":{"line":39,"column":1},"end":{"line":39,"column":2}},"loc":{"start":{"line":39,"column":10},"end":{"line":114,"column":2}},"line":39},"1":{"name":"(anonymous_1)","decl":{"start":{"line":92,"column":14},"end":{"line":92,"column":15}},"loc":{"start":{"line":92,"column":20},"end":{"line":92,"column":62}},"line":92},"2":{"name":"(anonymous_2)","decl":{"start":{"line":117,"column":23},"end":{"line":117,"column":24}},"loc":{"start":{"line":121,"column":7},"end":{"line":127,"column":1}},"line":121},"3":{"name":"(anonymous_3)","decl":{"start":{"line":124,"column":22},"end":{"line":124,"column":23}},"loc":{"start":{"line":124,"column":30},"end":{"line":124,"column":54}},"line":124}},"branchMap":{"0":{"loc":{"start":{"line":63,"column":5},"end":{"line":68,"column":6}},"type":"binary-expr","locations":[{"start":{"line":63,"column":5},"end":{"line":63,"column":15}},{"start":{"line":63,"column":19},"end":{"line":68,"column":6}}],"line":63},"1":{"loc":{"start":{"line":69,"column":5},"end":{"line":74,"column":6}},"type":"binary-expr","locations":[{"start":{"line":69,"column":5},"end":{"line":69,"column":14}},{"start":{"line":69,"column":18},"end":{"line":74,"column":6}}],"line":69},"2":{"loc":{"start":{"line":91,"column":51},"end":{"line":91,"column":79}},"type":"binary-expr","locations":[{"start":{"line":91,"column":51},"end":{"line":91,"column":56}},{"start":{"line":91,"column":60},"end":{"line":91,"column":74}},{"start":{"line":91,"column":78},"end":{"line":91,"column":79}}],"line":91},"3":{"loc":{"start":{"line":94,"column":26},"end":{"line":94,"column":83}},"type":"binary-expr","locations":[{"start":{"line":94,"column":26},"end":{"line":94,"column":31}},{"start":{"line":94,"column":35},"end":{"line":94,"column":77}},{"start":{"line":94,"column":81},"end":{"line":94,"column":83}}],"line":94},"4":{"loc":{"start":{"line":97,"column":10},"end":{"line":97,"column":38}},"type":"binary-expr","locations":[{"start":{"line":97,"column":10},"end":{"line":97,"column":15}},{"start":{"line":97,"column":19},"end":{"line":97,"column":33}},{"start":{"line":97,"column":37},"end":{"line":97,"column":38}}],"line":97}},"s":{"0":4,"1":4,"2":4,"3":0,"4":0,"5":0},"f":{"0":4,"1":0,"2":0,"3":0},"b":{"0":[4,3],"1":[4,1],"2":[4,1,4],"3":[4,1,3],"4":[4,1,4]},"_coverageSchema":"332fd63041d2c1bcb487cc26dd0d5f7d97098a6c","hash":"f407efead0e1950374b3c7af0fe24c0607610ed4"}
,"/media/daniil/DaniilDisk/development/AudioPlayer/src/js/components/ControlPanel/Road/index.jsx": {"path":"/media/daniil/DaniilDisk/development/AudioPlayer/src/js/components/ControlPanel/Road/index.jsx","statementMap":{"0":{"start":{"line":11,"column":2},"end":{"line":12,"column":74}},"1":{"start":{"line":12,"column":3},"end":{"line":12,"column":74}},"2":{"start":{"line":16,"column":2},"end":{"line":16,"column":15}},"3":{"start":{"line":17,"column":2},"end":{"line":17,"column":68}},"4":{"start":{"line":18,"column":2},"end":{"line":18,"column":72}},"5":{"start":{"line":19,"column":2},"end":{"line":22,"column":4}},"6":{"start":{"line":26,"column":28},"end":{"line":26,"column":38}},"7":{"start":{"line":27,"column":43},"end":{"line":27,"column":53}},"8":{"start":{"line":28,"column":2},"end":{"line":39,"column":4}},"9":{"start":{"line":31,"column":17},"end":{"line":31,"column":35}},"10":{"start":{"line":43,"column":2},"end":{"line":43,"column":33}},"11":{"start":{"line":44,"column":2},"end":{"line":44,"column":21}},"12":{"start":{"line":48,"column":2},"end":{"line":48,"column":34}},"13":{"start":{"line":52,"column":2},"end":{"line":52,"column":32}},"14":{"start":{"line":52,"column":25},"end":{"line":52,"column":32}},"15":{"start":{"line":53,"column":2},"end":{"line":53,"column":21}},"16":{"start":{"line":57,"column":2},"end":{"line":57,"column":28}},"17":{"start":{"line":57,"column":21},"end":{"line":57,"column":28}},"18":{"start":{"line":58,"column":22},"end":{"line":58,"column":59}},"19":{"start":{"line":59,"column":2},"end":{"line":62,"column":44}},"20":{"start":{"line":60,"column":3},"end":{"line":60,"column":21}},"21":{"start":{"line":61,"column":7},"end":{"line":62,"column":44}},"22":{"start":{"line":62,"column":3},"end":{"line":62,"column":44}},"23":{"start":{"line":63,"column":2},"end":{"line":63,"column":50}},"24":{"start":{"line":64,"column":2},"end":{"line":64,"column":58}},"25":{"start":{"line":65,"column":2},"end":{"line":65,"column":35}},"26":{"start":{"line":69,"column":2},"end":{"line":69,"column":30}},"27":{"start":{"line":69,"column":21},"end":{"line":69,"column":30}},"28":{"start":{"line":70,"column":2},"end":{"line":70,"column":48}},"29":{"start":{"line":74,"column":23},"end":{"line":74,"column":33}},"30":{"start":{"line":75,"column":2},"end":{"line":75,"column":41}},"31":{"start":{"line":79,"column":23},"end":{"line":79,"column":33}},"32":{"start":{"line":80,"column":2},"end":{"line":80,"column":43}}},"fnMap":{"0":{"name":"(anonymous_0)","decl":{"start":{"line":10,"column":1},"end":{"line":10,"column":2}},"loc":{"start":{"line":10,"column":49},"end":{"line":13,"column":2}},"line":10},"1":{"name":"(anonymous_1)","decl":{"start":{"line":15,"column":1},"end":{"line":15,"column":2}},"loc":{"start":{"line":15,"column":31},"end":{"line":23,"column":2}},"line":15},"2":{"name":"(anonymous_2)","decl":{"start":{"line":25,"column":1},"end":{"line":25,"column":2}},"loc":{"start":{"line":25,"column":10},"end":{"line":40,"column":2}},"line":25},"3":{"name":"(anonymous_3)","decl":{"start":{"line":31,"column":9},"end":{"line":31,"column":10}},"loc":{"start":{"line":31,"column":17},"end":{"line":31,"column":35}},"line":31},"4":{"name":"(anonymous_4)","decl":{"start":{"line":42,"column":24},"end":{"line":42,"column":25}},"loc":{"start":{"line":42,"column":33},"end":{"line":45,"column":2}},"line":42},"5":{"name":"(anonymous_5)","decl":{"start":{"line":47,"column":26},"end":{"line":47,"column":27}},"loc":{"start":{"line":47,"column":32},"end":{"line":49,"column":2}},"line":47},"6":{"name":"(anonymous_6)","decl":{"start":{"line":51,"column":28},"end":{"line":51,"column":29}},"loc":{"start":{"line":51,"column":37},"end":{"line":54,"column":2}},"line":51},"7":{"name":"(anonymous_7)","decl":{"start":{"line":56,"column":10},"end":{"line":56,"column":11}},"loc":{"start":{"line":56,"column":19},"end":{"line":66,"column":2}},"line":56},"8":{"name":"(anonymous_8)","decl":{"start":{"line":68,"column":15},"end":{"line":68,"column":16}},"loc":{"start":{"line":68,"column":34},"end":{"line":71,"column":2}},"line":68},"9":{"name":"(anonymous_9)","decl":{"start":{"line":73,"column":18},"end":{"line":73,"column":19}},"loc":{"start":{"line":73,"column":37},"end":{"line":76,"column":2}},"line":73},"10":{"name":"(anonymous_10)","decl":{"start":{"line":78,"column":18},"end":{"line":78,"column":19}},"loc":{"start":{"line":78,"column":37},"end":{"line":81,"column":2}},"line":78}},"branchMap":{"0":{"loc":{"start":{"line":11,"column":2},"end":{"line":12,"column":74}},"type":"if","locations":[{"start":{"line":11,"column":2},"end":{"line":12,"column":74}},{"start":{"line":11,"column":2},"end":{"line":12,"column":74}}],"line":11},"1":{"loc":{"start":{"line":52,"column":2},"end":{"line":52,"column":32}},"type":"if","locations":[{"start":{"line":52,"column":2},"end":{"line":52,"column":32}},{"start":{"line":52,"column":2},"end":{"line":52,"column":32}}],"line":52},"2":{"loc":{"start":{"line":57,"column":2},"end":{"line":57,"column":28}},"type":"if","locations":[{"start":{"line":57,"column":2},"end":{"line":57,"column":28}},{"start":{"line":57,"column":2},"end":{"line":57,"column":28}}],"line":57},"3":{"loc":{"start":{"line":59,"column":2},"end":{"line":62,"column":44}},"type":"if","locations":[{"start":{"line":59,"column":2},"end":{"line":62,"column":44}},{"start":{"line":59,"column":2},"end":{"line":62,"column":44}}],"line":59},"4":{"loc":{"start":{"line":61,"column":7},"end":{"line":62,"column":44}},"type":"if","locations":[{"start":{"line":61,"column":7},"end":{"line":62,"column":44}},{"start":{"line":61,"column":7},"end":{"line":62,"column":44}}],"line":61},"5":{"loc":{"start":{"line":69,"column":2},"end":{"line":69,"column":30}},"type":"if","locations":[{"start":{"line":69,"column":2},"end":{"line":69,"column":30}},{"start":{"line":69,"column":2},"end":{"line":69,"column":30}}],"line":69}},"s":{"0":0,"1":0,"2":0,"3":0,"4":0,"5":0,"6":0,"7":0,"8":0,"9":0,"10":0,"11":0,"12":0,"13":0,"14":0,"15":0,"16":0,"17":0,"18":0,"19":0,"20":0,"21":0,"22":0,"23":0,"24":0,"25":0,"26":0,"27":0,"28":0,"29":0,"30":0,"31":0,"32":0},"f":{"0":0,"1":0,"2":0,"3":0,"4":0,"5":0,"6":0,"7":0,"8":0,"9":0,"10":0},"b":{"0":[0,0],"1":[0,0],"2":[0,0],"3":[0,0],"4":[0,0],"5":[0,0]},"_coverageSchema":"332fd63041d2c1bcb487cc26dd0d5f7d97098a6c","hash":"06e1c4d806f7f66173be3f494dc6654f08f99e93"}
,"/media/daniil/DaniilDisk/development/AudioPlayer/src/js/components/ControlPanel/styledComponents/ControlPanelWrapper.js": {"path":"/media/daniil/DaniilDisk/development/AudioPlayer/src/js/components/ControlPanel/styledComponents/ControlPanelWrapper.js","statementMap":{"0":{"start":{"line":3,"column":28},"end":{"line":8,"column":1}}},"fnMap":{},"branchMap":{},"s":{"0":1},"f":{},"b":{},"_coverageSchema":"332fd63041d2c1bcb487cc26dd0d5f7d97098a6c","hash":"e83d3cdaded4d7069c8c9ee007346bc306ff8e94"}
,"/media/daniil/DaniilDisk/development/AudioPlayer/src/js/components/ControlPanel/styledComponents/NameTrack.js": {"path":"/media/daniil/DaniilDisk/development/AudioPlayer/src/js/components/ControlPanel/styledComponents/NameTrack.js","statementMap":{"0":{"start":{"line":3,"column":18},"end":{"line":6,"column":1}}},"fnMap":{},"branchMap":{},"s":{"0":1},"f":{},"b":{},"_coverageSchema":"332fd63041d2c1bcb487cc26dd0d5f7d97098a6c","hash":"46719639d44683879fde578d2ce880eca572f0a5"}
,"/media/daniil/DaniilDisk/development/AudioPlayer/src/js/components/ControlPanel/styledComponents/NextTrack.js": {"path":"/media/daniil/DaniilDisk/development/AudioPlayer/src/js/components/ControlPanel/styledComponents/NextTrack.js","statementMap":{"0":{"start":{"line":9,"column":18},"end":{"line":33,"column":1}},"1":{"start":{"line":13,"column":53},"end":{"line":13,"column":64}},"2":{"start":{"line":20,"column":21},"end":{"line":20,"column":55}},"3":{"start":{"line":24,"column":25},"end":{"line":24,"column":36}},"4":{"start":{"line":28,"column":32},"end":{"line":28,"column":48}},"5":{"start":{"line":30,"column":26},"end":{"line":30,"column":42}}},"fnMap":{"0":{"name":"(anonymous_0)","decl":{"start":{"line":13,"column":44},"end":{"line":13,"column":45}},"loc":{"start":{"line":13,"column":53},"end":{"line":13,"column":64}},"line":13},"1":{"name":"(anonymous_1)","decl":{"start":{"line":20,"column":12},"end":{"line":20,"column":13}},"loc":{"start":{"line":20,"column":21},"end":{"line":20,"column":55}},"line":20},"2":{"name":"(anonymous_2)","decl":{"start":{"line":24,"column":16},"end":{"line":24,"column":17}},"loc":{"start":{"line":24,"column":25},"end":{"line":24,"column":36}},"line":24},"3":{"name":"(anonymous_3)","decl":{"start":{"line":28,"column":23},"end":{"line":28,"column":24}},"loc":{"start":{"line":28,"column":32},"end":{"line":28,"column":48}},"line":28},"4":{"name":"(anonymous_4)","decl":{"start":{"line":30,"column":17},"end":{"line":30,"column":18}},"loc":{"start":{"line":30,"column":26},"end":{"line":30,"column":42}},"line":30}},"branchMap":{},"s":{"0":1,"1":0,"2":0,"3":0,"4":0,"5":0},"f":{"0":0,"1":0,"2":0,"3":0,"4":0},"b":{},"_coverageSchema":"332fd63041d2c1bcb487cc26dd0d5f7d97098a6c","hash":"78cd17b928a02d1c13cf4f898230cb94f8b79971"}
,"/media/daniil/DaniilDisk/development/AudioPlayer/src/js/components/ControlPanel/styledComponents/PlayTrack.js": {"path":"/media/daniil/DaniilDisk/development/AudioPlayer/src/js/components/ControlPanel/styledComponents/PlayTrack.js","statementMap":{"0":{"start":{"line":8,"column":18},"end":{"line":22,"column":1}},"1":{"start":{"line":12,"column":53},"end":{"line":12,"column":64}},"2":{"start":{"line":17,"column":32},"end":{"line":17,"column":48}},"3":{"start":{"line":19,"column":26},"end":{"line":19,"column":42}}},"fnMap":{"0":{"name":"(anonymous_0)","decl":{"start":{"line":12,"column":44},"end":{"line":12,"column":45}},"loc":{"start":{"line":12,"column":53},"end":{"line":12,"column":64}},"line":12},"1":{"name":"(anonymous_1)","decl":{"start":{"line":17,"column":23},"end":{"line":17,"column":24}},"loc":{"start":{"line":17,"column":32},"end":{"line":17,"column":48}},"line":17},"2":{"name":"(anonymous_2)","decl":{"start":{"line":19,"column":17},"end":{"line":19,"column":18}},"loc":{"start":{"line":19,"column":26},"end":{"line":19,"column":42}},"line":19}},"branchMap":{},"s":{"0":1,"1":0,"2":0,"3":0},"f":{"0":0,"1":0,"2":0},"b":{},"_coverageSchema":"332fd63041d2c1bcb487cc26dd0d5f7d97098a6c","hash":"6b2659105e156e430117cbc11e4327cc7e8abcf0"}
,"/media/daniil/DaniilDisk/development/AudioPlayer/src/js/components/ControlPanel/styledComponents/PrevTrack.js": {"path":"/media/daniil/DaniilDisk/development/AudioPlayer/src/js/components/ControlPanel/styledComponents/PrevTrack.js","statementMap":{"0":{"start":{"line":9,"column":18},"end":{"line":33,"column":1}},"1":{"start":{"line":13,"column":54},"end":{"line":13,"column":65}},"2":{"start":{"line":20,"column":21},"end":{"line":20,"column":55}},"3":{"start":{"line":24,"column":25},"end":{"line":24,"column":36}},"4":{"start":{"line":28,"column":33},"end":{"line":28,"column":49}},"5":{"start":{"line":30,"column":26},"end":{"line":30,"column":42}}},"fnMap":{"0":{"name":"(anonymous_0)","decl":{"start":{"line":13,"column":45},"end":{"line":13,"column":46}},"loc":{"start":{"line":13,"column":54},"end":{"line":13,"column":65}},"line":13},"1":{"name":"(anonymous_1)","decl":{"start":{"line":20,"column":12},"end":{"line":20,"column":13}},"loc":{"start":{"line":20,"column":21},"end":{"line":20,"column":55}},"line":20},"2":{"name":"(anonymous_2)","decl":{"start":{"line":24,"column":16},"end":{"line":24,"column":17}},"loc":{"start":{"line":24,"column":25},"end":{"line":24,"column":36}},"line":24},"3":{"name":"(anonymous_3)","decl":{"start":{"line":28,"column":24},"end":{"line":28,"column":25}},"loc":{"start":{"line":28,"column":33},"end":{"line":28,"column":49}},"line":28},"4":{"name":"(anonymous_4)","decl":{"start":{"line":30,"column":17},"end":{"line":30,"column":18}},"loc":{"start":{"line":30,"column":26},"end":{"line":30,"column":42}},"line":30}},"branchMap":{},"s":{"0":1,"1":0,"2":0,"3":0,"4":0,"5":0},"f":{"0":0,"1":0,"2":0,"3":0,"4":0},"b":{},"_coverageSchema":"332fd63041d2c1bcb487cc26dd0d5f7d97098a6c","hash":"5351c8323e02d29ea33de1de32f1cf7c3d12ffba"}
,"/media/daniil/DaniilDisk/development/AudioPlayer/src/js/components/ControlPanel/styledComponents/RepeatTrack.js": {"path":"/media/daniil/DaniilDisk/development/AudioPlayer/src/js/components/ControlPanel/styledComponents/RepeatTrack.js","statementMap":{"0":{"start":{"line":3,"column":18},"end":{"line":3,"column":19}},"1":{"start":{"line":4,"column":16},"end":{"line":4,"column":17}},"2":{"start":{"line":6,"column":20},"end":{"line":32,"column":1}},"3":{"start":{"line":7,"column":19},"end":{"line":7,"column":29}},"4":{"start":{"line":8,"column":20},"end":{"line":8,"column":30}},"5":{"start":{"line":10,"column":20},"end":{"line":10,"column":40}},"6":{"start":{"line":10,"column":62},"end":{"line":10,"column":110}},"7":{"start":{"line":18,"column":19},"end":{"line":18,"column":75}},"8":{"start":{"line":19,"column":18},"end":{"line":19,"column":84}},"9":{"start":{"line":20,"column":25},"end":{"line":20,"column":53}},"10":{"start":{"line":21,"column":27},"end":{"line":21,"column":49}},"11":{"start":{"line":21,"column":71},"end":{"line":21,"column":119}},"12":{"start":{"line":22,"column":28},"end":{"line":22,"column":56}},"13":{"start":{"line":28,"column":35},"end":{"line":28,"column":93}},"14":{"start":{"line":30,"column":28},"end":{"line":30,"column":86}}},"fnMap":{"0":{"name":"(anonymous_0)","decl":{"start":{"line":7,"column":10},"end":{"line":7,"column":11}},"loc":{"start":{"line":7,"column":19},"end":{"line":7,"column":29}},"line":7},"1":{"name":"(anonymous_1)","decl":{"start":{"line":8,"column":11},"end":{"line":8,"column":12}},"loc":{"start":{"line":8,"column":20},"end":{"line":8,"column":30}},"line":8},"2":{"name":"(anonymous_2)","decl":{"start":{"line":10,"column":11},"end":{"line":10,"column":12}},"loc":{"start":{"line":10,"column":20},"end":{"line":10,"column":40}},"line":10},"3":{"name":"(anonymous_3)","decl":{"start":{"line":10,"column":52},"end":{"line":10,"column":53}},"loc":{"start":{"line":10,"column":62},"end":{"line":10,"column":110}},"line":10},"4":{"name":"(anonymous_4)","decl":{"start":{"line":18,"column":10},"end":{"line":18,"column":11}},"loc":{"start":{"line":18,"column":19},"end":{"line":18,"column":75}},"line":18},"5":{"name":"(anonymous_5)","decl":{"start":{"line":19,"column":9},"end":{"line":19,"column":10}},"loc":{"start":{"line":19,"column":18},"end":{"line":19,"column":84}},"line":19},"6":{"name":"(anonymous_6)","decl":{"start":{"line":20,"column":16},"end":{"line":20,"column":17}},"loc":{"start":{"line":20,"column":25},"end":{"line":20,"column":53}},"line":20},"7":{"name":"(anonymous_7)","decl":{"start":{"line":21,"column":18},"end":{"line":21,"column":19}},"loc":{"start":{"line":21,"column":27},"end":{"line":21,"column":49}},"line":21},"8":{"name":"(anonymous_8)","decl":{"start":{"line":21,"column":61},"end":{"line":21,"column":62}},"loc":{"start":{"line":21,"column":71},"end":{"line":21,"column":119}},"line":21},"9":{"name":"(anonymous_9)","decl":{"start":{"line":22,"column":19},"end":{"line":22,"column":20}},"loc":{"start":{"line":22,"column":28},"end":{"line":22,"column":56}},"line":22},"10":{"name":"(anonymous_10)","decl":{"start":{"line":28,"column":25},"end":{"line":28,"column":26}},"loc":{"start":{"line":28,"column":35},"end":{"line":28,"column":93}},"line":28},"11":{"name":"(anonymous_11)","decl":{"start":{"line":30,"column":18},"end":{"line":30,"column":19}},"loc":{"start":{"line":30,"column":28},"end":{"line":30,"column":86}},"line":30}},"branchMap":{"0":{"loc":{"start":{"line":10,"column":62},"end":{"line":10,"column":110}},"type":"cond-expr","locations":[{"start":{"line":10,"column":79},"end":{"line":10,"column":96}},{"start":{"line":10,"column":99},"end":{"line":10,"column":110}}],"line":10},"1":{"loc":{"start":{"line":21,"column":71},"end":{"line":21,"column":119}},"type":"cond-expr","locations":[{"start":{"line":21,"column":88},"end":{"line":21,"column":105}},{"start":{"line":21,"column":108},"end":{"line":21,"column":119}}],"line":21},"2":{"loc":{"start":{"line":28,"column":35},"end":{"line":28,"column":93}},"type":"cond-expr","locations":[{"start":{"line":28,"column":52},"end":{"line":28,"column":74}},{"start":{"line":28,"column":77},"end":{"line":28,"column":93}}],"line":28},"3":{"loc":{"start":{"line":30,"column":28},"end":{"line":30,"column":86}},"type":"cond-expr","locations":[{"start":{"line":30,"column":45},"end":{"line":30,"column":67}},{"start":{"line":30,"column":70},"end":{"line":30,"column":86}}],"line":30}},"s":{"0":1,"1":1,"2":1,"3":0,"4":0,"5":0,"6":0,"7":0,"8":0,"9":0,"10":0,"11":0,"12":0,"13":0,"14":0},"f":{"0":0,"1":0,"2":0,"3":0,"4":0,"5":0,"6":0,"7":0,"8":0,"9":0,"10":0,"11":0},"b":{"0":[0,0],"1":[0,0],"2":[0,0],"3":[0,0]},"_coverageSchema":"332fd63041d2c1bcb487cc26dd0d5f7d97098a6c","hash":"d86b70e5d5e8f2b66dc46700813cb5e267e250c2"}
,"/media/daniil/DaniilDisk/development/AudioPlayer/src/js/components/ControlPanel/styledComponents/StopTrack.js": {"path":"/media/daniil/DaniilDisk/development/AudioPlayer/src/js/components/ControlPanel/styledComponents/StopTrack.js","statementMap":{"0":{"start":{"line":4,"column":10},"end":{"line":4,"column":13}},"1":{"start":{"line":6,"column":18},"end":{"line":17,"column":1}},"2":{"start":{"line":7,"column":19},"end":{"line":7,"column":67}},"3":{"start":{"line":8,"column":20},"end":{"line":8,"column":30}},"4":{"start":{"line":9,"column":25},"end":{"line":9,"column":43}},"5":{"start":{"line":9,"column":64},"end":{"line":9,"column":75}},"6":{"start":{"line":10,"column":26},"end":{"line":10,"column":44}},"7":{"start":{"line":10,"column":65},"end":{"line":10,"column":76}},"8":{"start":{"line":14,"column":32},"end":{"line":14,"column":48}},"9":{"start":{"line":15,"column":33},"end":{"line":15,"column":49}}},"fnMap":{"0":{"name":"(anonymous_0)","decl":{"start":{"line":7,"column":10},"end":{"line":7,"column":11}},"loc":{"start":{"line":7,"column":19},"end":{"line":7,"column":67}},"line":7},"1":{"name":"(anonymous_1)","decl":{"start":{"line":8,"column":11},"end":{"line":8,"column":12}},"loc":{"start":{"line":8,"column":20},"end":{"line":8,"column":30}},"line":8},"2":{"name":"(anonymous_2)","decl":{"start":{"line":9,"column":16},"end":{"line":9,"column":17}},"loc":{"start":{"line":9,"column":25},"end":{"line":9,"column":43}},"line":9},"3":{"name":"(anonymous_3)","decl":{"start":{"line":9,"column":55},"end":{"line":9,"column":56}},"loc":{"start":{"line":9,"column":64},"end":{"line":9,"column":75}},"line":9},"4":{"name":"(anonymous_4)","decl":{"start":{"line":10,"column":17},"end":{"line":10,"column":18}},"loc":{"start":{"line":10,"column":26},"end":{"line":10,"column":44}},"line":10},"5":{"name":"(anonymous_5)","decl":{"start":{"line":10,"column":56},"end":{"line":10,"column":57}},"loc":{"start":{"line":10,"column":65},"end":{"line":10,"column":76}},"line":10},"6":{"name":"(anonymous_6)","decl":{"start":{"line":14,"column":23},"end":{"line":14,"column":24}},"loc":{"start":{"line":14,"column":32},"end":{"line":14,"column":48}},"line":14},"7":{"name":"(anonymous_7)","decl":{"start":{"line":15,"column":24},"end":{"line":15,"column":25}},"loc":{"start":{"line":15,"column":33},"end":{"line":15,"column":49}},"line":15}},"branchMap":{},"s":{"0":1,"1":1,"2":0,"3":0,"4":0,"5":0,"6":0,"7":0,"8":0,"9":0},"f":{"0":0,"1":0,"2":0,"3":0,"4":0,"5":0,"6":0,"7":0},"b":{},"_coverageSchema":"332fd63041d2c1bcb487cc26dd0d5f7d97098a6c","hash":"ef436eb4467412d0dddc30c1a5b9174bab7849d1"}
,"/media/daniil/DaniilDisk/development/AudioPlayer/src/js/components/ControlPanel/styledComponents/TimeTrack.js": {"path":"/media/daniil/DaniilDisk/development/AudioPlayer/src/js/components/ControlPanel/styledComponents/TimeTrack.js","statementMap":{"0":{"start":{"line":4,"column":18},"end":{"line":10,"column":1}}},"fnMap":{},"branchMap":{},"s":{"0":1},"f":{},"b":{},"_coverageSchema":"332fd63041d2c1bcb487cc26dd0d5f7d97098a6c","hash":"30e45303f1aca7c3ed4830256b1e093196462b2b"}
,"/media/daniil/DaniilDisk/development/AudioPlayer/src/js/components/ControlPanel/styledComponents/helper.js": {"path":"/media/daniil/DaniilDisk/development/AudioPlayer/src/js/components/ControlPanel/styledComponents/helper.js","statementMap":{"0":{"start":{"line":1,"column":32},"end":{"line":2,"column":36}},"1":{"start":{"line":2,"column":1},"end":{"line":2,"column":36}},"2":{"start":{"line":4,"column":39},"end":{"line":5,"column":19}},"3":{"start":{"line":5,"column":1},"end":{"line":5,"column":19}},"4":{"start":{"line":7,"column":33},"end":{"line":8,"column":21}},"5":{"start":{"line":8,"column":1},"end":{"line":8,"column":21}}},"fnMap":{"0":{"name":"(anonymous_0)","decl":{"start":{"line":1,"column":32},"end":{"line":1,"column":33}},"loc":{"start":{"line":2,"column":1},"end":{"line":2,"column":36}},"line":2},"1":{"name":"(anonymous_1)","decl":{"start":{"line":4,"column":39},"end":{"line":4,"column":40}},"loc":{"start":{"line":5,"column":1},"end":{"line":5,"column":19}},"line":5},"2":{"name":"(anonymous_2)","decl":{"start":{"line":7,"column":33},"end":{"line":7,"column":34}},"loc":{"start":{"line":8,"column":1},"end":{"line":8,"column":21}},"line":8}},"branchMap":{},"s":{"0":1,"1":0,"2":1,"3":0,"4":1,"5":0},"f":{"0":0,"1":0,"2":0},"b":{},"_coverageSchema":"332fd63041d2c1bcb487cc26dd0d5f7d97098a6c","hash":"1cf0cd8a31cb75d62ef70cb0bff47148b354b07d"}
,"/media/daniil/DaniilDisk/development/AudioPlayer/src/js/components/PlayList/index.jsx": {"path":"/media/daniil/DaniilDisk/development/AudioPlayer/src/js/components/PlayList/index.jsx","statementMap":{"0":{"start":{"line":33,"column":6},"end":{"line":33,"column":16}},"1":{"start":{"line":34,"column":2},"end":{"line":60,"column":4}},"2":{"start":{"line":38,"column":20},"end":{"line":38,"column":53}},"3":{"start":{"line":48,"column":9},"end":{"line":55,"column":11}},"4":{"start":{"line":63,"column":27},"end":{"line":78,"column":2}},"5":{"start":{"line":66,"column":6},"end":{"line":66,"column":16}},"6":{"start":{"line":68,"column":2},"end":{"line":72,"column":3}},"7":{"start":{"line":69,"column":3},"end":{"line":69,"column":16}},"8":{"start":{"line":70,"column":3},"end":{"line":70,"column":16}},"9":{"start":{"line":71,"column":3},"end":{"line":71,"column":10}},"10":{"start":{"line":74,"column":2},"end":{"line":77,"column":16}},"11":{"start":{"line":75,"column":3},"end":{"line":75,"column":17}},"12":{"start":{"line":77,"column":3},"end":{"line":77,"column":16}},"13":{"start":{"line":88,"column":5},"end":{"line":88,"column":24}},"14":{"start":{"line":89,"column":1},"end":{"line":96,"column":3}}},"fnMap":{"0":{"name":"(anonymous_0)","decl":{"start":{"line":25,"column":1},"end":{"line":25,"column":2}},"loc":{"start":{"line":25,"column":10},"end":{"line":61,"column":2}},"line":25},"1":{"name":"(anonymous_1)","decl":{"start":{"line":38,"column":15},"end":{"line":38,"column":16}},"loc":{"start":{"line":38,"column":20},"end":{"line":38,"column":53}},"line":38},"2":{"name":"(anonymous_2)","decl":{"start":{"line":47,"column":13},"end":{"line":47,"column":14}},"loc":{"start":{"line":48,"column":9},"end":{"line":55,"column":11}},"line":48},"3":{"name":"(anonymous_3)","decl":{"start":{"line":63,"column":21},"end":{"line":63,"column":22}},"loc":{"start":{"line":63,"column":27},"end":{"line":78,"column":2}},"line":63},"4":{"name":"(anonymous_4)","decl":{"start":{"line":63,"column":27},"end":{"line":63,"column":28}},"loc":{"start":{"line":63,"column":33},"end":{"line":78,"column":2}},"line":63},"5":{"name":"(anonymous_5)","decl":{"start":{"line":81,"column":23},"end":{"line":81,"column":24}},"loc":{"start":{"line":81,"column":32},"end":{"line":97,"column":1}},"line":81}},"branchMap":{"0":{"loc":{"start":{"line":41,"column":6},"end":{"line":41,"column":50}},"type":"binary-expr","locations":[{"start":{"line":41,"column":6},"end":{"line":41,"column":13}},{"start":{"line":41,"column":17},"end":{"line":41,"column":50}}],"line":41},"1":{"loc":{"start":{"line":42,"column":6},"end":{"line":42,"column":71}},"type":"binary-expr","locations":[{"start":{"line":42,"column":6},"end":{"line":42,"column":14}},{"start":{"line":42,"column":18},"end":{"line":42,"column":71}}],"line":42},"2":{"loc":{"start":{"line":44,"column":6},"end":{"line":56,"column":11}},"type":"binary-expr","locations":[{"start":{"line":44,"column":6},"end":{"line":44,"column":12}},{"start":{"line":44,"column":17},"end":{"line":56,"column":10}}],"line":44},"3":{"loc":{"start":{"line":44,"column":17},"end":{"line":56,"column":10}},"type":"cond-expr","locations":[{"start":{"line":45,"column":9},"end":{"line":45,"column":49}},{"start":{"line":46,"column":9},"end":{"line":56,"column":10}}],"line":44},"4":{"loc":{"start":{"line":68,"column":2},"end":{"line":72,"column":3}},"type":"if","locations":[{"start":{"line":68,"column":2},"end":{"line":72,"column":3}},{"start":{"line":68,"column":2},"end":{"line":72,"column":3}}],"line":68},"5":{"loc":{"start":{"line":74,"column":2},"end":{"line":77,"column":16}},"type":"if","locations":[{"start":{"line":74,"column":2},"end":{"line":77,"column":16}},{"start":{"line":74,"column":2},"end":{"line":77,"column":16}}],"line":74}},"s":{"0":8,"1":8,"2":1,"3":6,"4":6,"5":3,"6":3,"7":1,"8":1,"9":1,"10":2,"11":1,"12":1,"13":0,"14":0},"f":{"0":8,"1":1,"2":6,"3":6,"4":3,"5":0},"b":{"0":[8,1],"1":[8,1],"2":[8,5],"3":[1,4],"4":[1,2],"5":[1,1]},"_coverageSchema":"332fd63041d2c1bcb487cc26dd0d5f7d97098a6c","hash":"360bddf77afd8b1dfafdf83dc565f5f5f87c51d4"}
,"/media/daniil/DaniilDisk/development/AudioPlayer/src/js/components/PlayList/ItemPlayList/index.jsx": {"path":"/media/daniil/DaniilDisk/development/AudioPlayer/src/js/components/PlayList/ItemPlayList/index.jsx","statementMap":{"0":{"start":{"line":12,"column":21},"end":{"line":25,"column":1}},"1":{"start":{"line":15,"column":1},"end":{"line":24,"column":23}}},"fnMap":{"0":{"name":"(anonymous_0)","decl":{"start":{"line":12,"column":21},"end":{"line":12,"column":22}},"loc":{"start":{"line":15,"column":1},"end":{"line":24,"column":23}},"line":15}},"branchMap":{},"s":{"0":1,"1":0},"f":{"0":0},"b":{},"_coverageSchema":"332fd63041d2c1bcb487cc26dd0d5f7d97098a6c","hash":"55efe54276fb0c38408292cf0584975e6c717a1b"}
,"/media/daniil/DaniilDisk/development/AudioPlayer/src/js/components/PlayList/ItemPlayList/styledComponents/DurationTimeTrack.js": {"path":"/media/daniil/DaniilDisk/development/AudioPlayer/src/js/components/PlayList/ItemPlayList/styledComponents/DurationTimeTrack.js","statementMap":{"0":{"start":{"line":3,"column":26},"end":{"line":5,"column":1}}},"fnMap":{},"branchMap":{},"s":{"0":1},"f":{},"b":{},"_coverageSchema":"332fd63041d2c1bcb487cc26dd0d5f7d97098a6c","hash":"2f4a013f7bcf811f63e2b434f7c9d5910530fb5d"}
,"/media/daniil/DaniilDisk/development/AudioPlayer/src/js/components/PlayList/ItemPlayList/styledComponents/ItemPlayLIstWrapper.js": {"path":"/media/daniil/DaniilDisk/development/AudioPlayer/src/js/components/PlayList/ItemPlayList/styledComponents/ItemPlayLIstWrapper.js","statementMap":{"0":{"start":{"line":3,"column":24},"end":{"line":11,"column":1}},"1":{"start":{"line":6,"column":45},"end":{"line":6,"column":70}},"2":{"start":{"line":9,"column":63},"end":{"line":9,"column":100}}},"fnMap":{"0":{"name":"(anonymous_0)","decl":{"start":{"line":6,"column":15},"end":{"line":6,"column":16}},"loc":{"start":{"line":6,"column":45},"end":{"line":6,"column":70}},"line":6},"1":{"name":"(anonymous_1)","decl":{"start":{"line":9,"column":16},"end":{"line":9,"column":17}},"loc":{"start":{"line":9,"column":63},"end":{"line":9,"column":100}},"line":9}},"branchMap":{"0":{"loc":{"start":{"line":6,"column":45},"end":{"line":6,"column":70}},"type":"cond-expr","locations":[{"start":{"line":6,"column":54},"end":{"line":6,"column":65}},{"start":{"line":6,"column":68},"end":{"line":6,"column":70}}],"line":6},"1":{"loc":{"start":{"line":9,"column":63},"end":{"line":9,"column":100}},"type":"cond-expr","locations":[{"start":{"line":9,"column":72},"end":{"line":9,"column":88}},{"start":{"line":9,"column":90},"end":{"line":9,"column":100}}],"line":9}},"s":{"0":1,"1":0,"2":0},"f":{"0":0,"1":0},"b":{"0":[0,0],"1":[0,0]},"_coverageSchema":"332fd63041d2c1bcb487cc26dd0d5f7d97098a6c","hash":"00f3e45791e9f2a5933ccf3adf83979406700049"}
,"/media/daniil/DaniilDisk/development/AudioPlayer/src/js/components/PlayList/styledComponents/EmptyPlayList.js": {"path":"/media/daniil/DaniilDisk/development/AudioPlayer/src/js/components/PlayList/styledComponents/EmptyPlayList.js","statementMap":{"0":{"start":{"line":3,"column":22},"end":{"line":8,"column":1}}},"fnMap":{},"branchMap":{},"s":{"0":1},"f":{},"b":{},"_coverageSchema":"332fd63041d2c1bcb487cc26dd0d5f7d97098a6c","hash":"00307c12f1a71ff2d2f4d05ebce48e7487b0c8f8"}
,"/media/daniil/DaniilDisk/development/AudioPlayer/src/js/components/PlayList/styledComponents/LoadFail.js": {"path":"/media/daniil/DaniilDisk/development/AudioPlayer/src/js/components/PlayList/styledComponents/LoadFail.js","statementMap":{"0":{"start":{"line":3,"column":17},"end":{"line":8,"column":1}}},"fnMap":{},"branchMap":{},"s":{"0":1},"f":{},"b":{},"_coverageSchema":"332fd63041d2c1bcb487cc26dd0d5f7d97098a6c","hash":"148bcde388da8fefb0b2eaa70acb67f36c1815b9"}
,"/media/daniil/DaniilDisk/development/AudioPlayer/src/js/components/PlayList/styledComponents/Loading.js": {"path":"/media/daniil/DaniilDisk/development/AudioPlayer/src/js/components/PlayList/styledComponents/Loading.js","statementMap":{"0":{"start":{"line":3,"column":16},"end":{"line":8,"column":1}}},"fnMap":{},"branchMap":{},"s":{"0":1},"f":{},"b":{},"_coverageSchema":"332fd63041d2c1bcb487cc26dd0d5f7d97098a6c","hash":"e3781fe270417f5ab25402bfe7a1f18b49450e9e"}
,"/media/daniil/DaniilDisk/development/AudioPlayer/src/js/components/PlayList/styledComponents/MainPlayListWrapper.js": {"path":"/media/daniil/DaniilDisk/development/AudioPlayer/src/js/components/PlayList/styledComponents/MainPlayListWrapper.js","statementMap":{"0":{"start":{"line":3,"column":28},"end":{"line":4,"column":1}}},"fnMap":{},"branchMap":{},"s":{"0":1},"f":{},"b":{},"_coverageSchema":"332fd63041d2c1bcb487cc26dd0d5f7d97098a6c","hash":"73ca815fc6718768027eb95211210302e3888da1"}
,"/media/daniil/DaniilDisk/development/AudioPlayer/src/js/components/PlayList/styledComponents/PlayListWrapper.js": {"path":"/media/daniil/DaniilDisk/development/AudioPlayer/src/js/components/PlayList/styledComponents/PlayListWrapper.js","statementMap":{"0":{"start":{"line":3,"column":24},"end":{"line":12,"column":1}}},"fnMap":{},"branchMap":{},"s":{"0":1},"f":{},"b":{},"_coverageSchema":"332fd63041d2c1bcb487cc26dd0d5f7d97098a6c","hash":"e68672e808ea791a3c73e4febe0854d27d08d8de"}
,"/media/daniil/DaniilDisk/development/AudioPlayer/src/js/components/PlayList/styledComponents/SearcherInput.js": {"path":"/media/daniil/DaniilDisk/development/AudioPlayer/src/js/components/PlayList/styledComponents/SearcherInput.js","statementMap":{"0":{"start":{"line":3,"column":22},"end":{"line":11,"column":1}}},"fnMap":{},"branchMap":{},"s":{"0":1},"f":{},"b":{},"_coverageSchema":"332fd63041d2c1bcb487cc26dd0d5f7d97098a6c","hash":"14fe40f981ab3877cedfc0bbd04f54c89b198226"}
,"/media/daniil/DaniilDisk/development/AudioPlayer/src/js/reducer/controlPlayer.js": {"path":"/media/daniil/DaniilDisk/development/AudioPlayer/src/js/reducer/controlPlayer.js","statementMap":{"0":{"start":{"line":27,"column":52},"end":{"line":39,"column":1}},"1":{"start":{"line":42,"column":27},"end":{"line":42,"column":33}},"2":{"start":{"line":44,"column":18},"end":{"line":50,"column":2}},"3":{"start":{"line":46,"column":15},"end":{"line":46,"column":54}},"4":{"start":{"line":46,"column":38},"end":{"line":46,"column":53}},"5":{"start":{"line":47,"column":2},"end":{"line":47,"column":47}},"6":{"start":{"line":48,"column":2},"end":{"line":48,"column":40}},"7":{"start":{"line":49,"column":2},"end":{"line":49,"column":30}},"8":{"start":{"line":52,"column":19},"end":{"line":56,"column":2}},"9":{"start":{"line":53,"column":2},"end":{"line":53,"column":56}},"10":{"start":{"line":53,"column":35},"end":{"line":53,"column":56}},"11":{"start":{"line":54,"column":2},"end":{"line":54,"column":16}},"12":{"start":{"line":55,"column":2},"end":{"line":55,"column":29}},"13":{"start":{"line":58,"column":1},"end":{"line":168,"column":2}},"14":{"start":{"line":60,"column":3},"end":{"line":60,"column":57}},"15":{"start":{"line":60,"column":36},"end":{"line":60,"column":57}},"16":{"start":{"line":61,"column":3},"end":{"line":61,"column":18}},"17":{"start":{"line":62,"column":3},"end":{"line":62,"column":49}},"18":{"start":{"line":66,"column":3},"end":{"line":66,"column":57}},"19":{"start":{"line":66,"column":36},"end":{"line":66,"column":57}},"20":{"start":{"line":67,"column":3},"end":{"line":67,"column":17}},"21":{"start":{"line":68,"column":3},"end":{"line":68,"column":48}},"22":{"start":{"line":72,"column":54},"end":{"line":72,"column":67}},"23":{"start":{"line":73,"column":3},"end":{"line":73,"column":43}},"24":{"start":{"line":73,"column":22},"end":{"line":73,"column":43}},"25":{"start":{"line":75,"column":26},"end":{"line":75,"column":66}},"26":{"start":{"line":76,"column":3},"end":{"line":76,"column":64}},"27":{"start":{"line":76,"column":36},"end":{"line":76,"column":64}},"28":{"start":{"line":77,"column":17},"end":{"line":78,"column":64}},"29":{"start":{"line":78,"column":5},"end":{"line":78,"column":62}},"30":{"start":{"line":79,"column":3},"end":{"line":82,"column":48}},"31":{"start":{"line":80,"column":4},"end":{"line":80,"column":14}},"32":{"start":{"line":82,"column":4},"end":{"line":82,"column":48}},"33":{"start":{"line":83,"column":3},"end":{"line":87,"column":5}},"34":{"start":{"line":91,"column":54},"end":{"line":91,"column":67}},"35":{"start":{"line":92,"column":3},"end":{"line":92,"column":43}},"36":{"start":{"line":92,"column":22},"end":{"line":92,"column":43}},"37":{"start":{"line":94,"column":26},"end":{"line":94,"column":66}},"38":{"start":{"line":95,"column":3},"end":{"line":95,"column":64}},"39":{"start":{"line":95,"column":36},"end":{"line":95,"column":64}},"40":{"start":{"line":96,"column":17},"end":{"line":97,"column":64}},"41":{"start":{"line":97,"column":5},"end":{"line":97,"column":62}},"42":{"start":{"line":98,"column":3},"end":{"line":101,"column":68}},"43":{"start":{"line":99,"column":4},"end":{"line":99,"column":14}},"44":{"start":{"line":101,"column":4},"end":{"line":101,"column":68}},"45":{"start":{"line":102,"column":3},"end":{"line":106,"column":5}},"46":{"start":{"line":110,"column":22},"end":{"line":110,"column":35}},"47":{"start":{"line":111,"column":3},"end":{"line":111,"column":25}},"48":{"start":{"line":112,"column":3},"end":{"line":112,"column":48}},"49":{"start":{"line":116,"column":24},"end":{"line":116,"column":37}},"50":{"start":{"line":117,"column":18},"end":{"line":117,"column":25}},"51":{"start":{"line":118,"column":3},"end":{"line":118,"column":58}},"52":{"start":{"line":122,"column":3},"end":{"line":122,"column":37}},"53":{"start":{"line":123,"column":3},"end":{"line":123,"column":56}},"54":{"start":{"line":127,"column":22},"end":{"line":127,"column":29}},"55":{"start":{"line":128,"column":3},"end":{"line":128,"column":26}},"56":{"start":{"line":129,"column":3},"end":{"line":129,"column":39}},"57":{"start":{"line":133,"column":37},"end":{"line":133,"column":44}},"58":{"start":{"line":134,"column":3},"end":{"line":134,"column":54}},"59":{"start":{"line":138,"column":3},"end":{"line":138,"column":71}},"60":{"start":{"line":142,"column":24},"end":{"line":142,"column":31}},"61":{"start":{"line":143,"column":3},"end":{"line":148,"column":5}},"62":{"start":{"line":152,"column":3},"end":{"line":152,"column":53}},"63":{"start":{"line":153,"column":3},"end":{"line":153,"column":63}},"64":{"start":{"line":157,"column":3},"end":{"line":157,"column":39}},"65":{"start":{"line":158,"column":3},"end":{"line":163,"column":5}},"66":{"start":{"line":166,"column":3},"end":{"line":166,"column":19}},"67":{"start":{"line":167,"column":3},"end":{"line":167,"column":24}}},"fnMap":{"0":{"name":"(anonymous_0)","decl":{"start":{"line":41,"column":15},"end":{"line":41,"column":16}},"loc":{"start":{"line":41,"column":88},"end":{"line":169,"column":1}},"line":41},"1":{"name":"(anonymous_1)","decl":{"start":{"line":44,"column":18},"end":{"line":44,"column":19}},"loc":{"start":{"line":44,"column":36},"end":{"line":50,"column":2}},"line":44},"2":{"name":"(anonymous_2)","decl":{"start":{"line":46,"column":29},"end":{"line":46,"column":30}},"loc":{"start":{"line":46,"column":38},"end":{"line":46,"column":53}},"line":46},"3":{"name":"(anonymous_3)","decl":{"start":{"line":52,"column":19},"end":{"line":52,"column":20}},"loc":{"start":{"line":52,"column":25},"end":{"line":56,"column":2}},"line":52},"4":{"name":"(anonymous_4)","decl":{"start":{"line":77,"column":37},"end":{"line":77,"column":38}},"loc":{"start":{"line":78,"column":5},"end":{"line":78,"column":62}},"line":78},"5":{"name":"(anonymous_5)","decl":{"start":{"line":96,"column":37},"end":{"line":96,"column":38}},"loc":{"start":{"line":97,"column":5},"end":{"line":97,"column":62}},"line":97}},"branchMap":{"0":{"loc":{"start":{"line":41,"column":16},"end":{"line":41,"column":75}},"type":"default-arg","locations":[{"start":{"line":41,"column":53},"end":{"line":41,"column":75}}],"line":41},"1":{"loc":{"start":{"line":47,"column":11},"end":{"line":47,"column":46}},"type":"binary-expr","locations":[{"start":{"line":47,"column":11},"end":{"line":47,"column":17}},{"start":{"line":47,"column":21},"end":{"line":47,"column":37}},{"start":{"line":47,"column":41},"end":{"line":47,"column":46}}],"line":47},"2":{"loc":{"start":{"line":53,"column":2},"end":{"line":53,"column":56}},"type":"if","locations":[{"start":{"line":53,"column":2},"end":{"line":53,"column":56}},{"start":{"line":53,"column":2},"end":{"line":53,"column":56}}],"line":53},"3":{"loc":{"start":{"line":58,"column":1},"end":{"line":168,"column":2}},"type":"switch","locations":[{"start":{"line":59,"column":2},"end":{"line":63,"column":3}},{"start":{"line":65,"column":2},"end":{"line":69,"column":3}},{"start":{"line":71,"column":2},"end":{"line":88,"column":3}},{"start":{"line":90,"column":2},"end":{"line":107,"column":3}},{"start":{"line":109,"column":2},"end":{"line":113,"column":3}},{"start":{"line":115,"column":2},"end":{"line":119,"column":3}},{"start":{"line":121,"column":2},"end":{"line":124,"column":3}},{"start":{"line":126,"column":2},"end":{"line":130,"column":3}},{"start":{"line":132,"column":2},"end":{"line":135,"column":3}},{"start":{"line":137,"column":2},"end":{"line":139,"column":3}},{"start":{"line":141,"column":2},"end":{"line":149,"column":3}},{"start":{"line":151,"column":2},"end":{"line":154,"column":3}},{"start":{"line":156,"column":2},"end":{"line":164,"column":3}},{"start":{"line":165,"column":2},"end":{"line":167,"column":24}}],"line":58},"4":{"loc":{"start":{"line":60,"column":3},"end":{"line":60,"column":57}},"type":"if","locations":[{"start":{"line":60,"column":3},"end":{"line":60,"column":57}},{"start":{"line":60,"column":3},"end":{"line":60,"column":57}}],"line":60},"5":{"loc":{"start":{"line":66,"column":3},"end":{"line":66,"column":57}},"type":"if","locations":[{"start":{"line":66,"column":3},"end":{"line":66,"column":57}},{"start":{"line":66,"column":3},"end":{"line":66,"column":57}}],"line":66},"6":{"loc":{"start":{"line":73,"column":3},"end":{"line":73,"column":43}},"type":"if","locations":[{"start":{"line":73,"column":3},"end":{"line":73,"column":43}},{"start":{"line":73,"column":3},"end":{"line":73,"column":43}}],"line":73},"7":{"loc":{"start":{"line":76,"column":3},"end":{"line":76,"column":64}},"type":"if","locations":[{"start":{"line":76,"column":3},"end":{"line":76,"column":64}},{"start":{"line":76,"column":3},"end":{"line":76,"column":64}}],"line":76},"8":{"loc":{"start":{"line":78,"column":5},"end":{"line":78,"column":62}},"type":"cond-expr","locations":[{"start":{"line":78,"column":36},"end":{"line":78,"column":53}},{"start":{"line":78,"column":57},"end":{"line":78,"column":62}}],"line":78},"9":{"loc":{"start":{"line":79,"column":3},"end":{"line":82,"column":48}},"type":"if","locations":[{"start":{"line":79,"column":3},"end":{"line":82,"column":48}},{"start":{"line":79,"column":3},"end":{"line":82,"column":48}}],"line":79},"10":{"loc":{"start":{"line":92,"column":3},"end":{"line":92,"column":43}},"type":"if","locations":[{"start":{"line":92,"column":3},"end":{"line":92,"column":43}},{"start":{"line":92,"column":3},"end":{"line":92,"column":43}}],"line":92},"11":{"loc":{"start":{"line":95,"column":3},"end":{"line":95,"column":64}},"type":"if","locations":[{"start":{"line":95,"column":3},"end":{"line":95,"column":64}},{"start":{"line":95,"column":3},"end":{"line":95,"column":64}}],"line":95},"12":{"loc":{"start":{"line":97,"column":5},"end":{"line":97,"column":62}},"type":"cond-expr","locations":[{"start":{"line":97,"column":36},"end":{"line":97,"column":53}},{"start":{"line":97,"column":57},"end":{"line":97,"column":62}}],"line":97},"13":{"loc":{"start":{"line":98,"column":3},"end":{"line":101,"column":68}},"type":"if","locations":[{"start":{"line":98,"column":3},"end":{"line":101,"column":68}},{"start":{"line":98,"column":3},"end":{"line":101,"column":68}}],"line":98},"14":{"loc":{"start":{"line":101,"column":12},"end":{"line":101,"column":67}},"type":"cond-expr","locations":[{"start":{"line":101,"column":30},"end":{"line":101,"column":55}},{"start":{"line":101,"column":58},"end":{"line":101,"column":67}}],"line":101}},"s":{"0":1,"1":17,"2":17,"3":5,"4":8,"5":5,"6":5,"7":5,"8":17,"9":4,"10":0,"11":4,"12":4,"13":17,"14":2,"15":1,"16":1,"17":1,"18":2,"19":1,"20":1,"21":1,"22":3,"23":3,"24":0,"25":3,"26":3,"27":0,"28":3,"29":4,"30":3,"31":0,"32":3,"33":3,"34":1,"35":1,"36":0,"37":1,"38":1,"39":0,"40":1,"41":2,"42":1,"43":0,"44":1,"45":1,"46":1,"47":1,"48":1,"49":1,"50":1,"51":1,"52":1,"53":1,"54":1,"55":1,"56":1,"57":1,"58":1,"59":1,"60":1,"61":1,"62":1,"63":1,"64":1,"65":1,"66":0,"67":0},"f":{"0":17,"1":5,"2":8,"3":4,"4":4,"5":2},"b":{"0":[0],"1":[5,5,0],"2":[0,4],"3":[2,2,3,1,1,1,1,1,1,1,1,1,1,0],"4":[1,1],"5":[1,1],"6":[0,3],"7":[0,3],"8":[3,1],"9":[0,3],"10":[0,1],"11":[0,1],"12":[1,1],"13":[0,1],"14":[0,1]},"_coverageSchema":"332fd63041d2c1bcb487cc26dd0d5f7d97098a6c","hash":"78f06bc7943c43a8ad7cd67bde21d95e1ed29ea2"}
,"/media/daniil/DaniilDisk/development/AudioPlayer/src/js/selectors/index.js": {"path":"/media/daniil/DaniilDisk/development/AudioPlayer/src/js/selectors/index.js","statementMap":{"0":{"start":{"line":8,"column":29},"end":{"line":9,"column":35}},"1":{"start":{"line":9,"column":1},"end":{"line":9,"column":35}},"2":{"start":{"line":10,"column":23},"end":{"line":11,"column":29}},"3":{"start":{"line":11,"column":1},"end":{"line":11,"column":29}},"4":{"start":{"line":13,"column":41},"end":{"line":17,"column":1}}},"fnMap":{"0":{"name":"(anonymous_0)","decl":{"start":{"line":8,"column":29},"end":{"line":8,"column":30}},"loc":{"start":{"line":9,"column":1},"end":{"line":9,"column":35}},"line":9},"1":{"name":"(anonymous_1)","decl":{"start":{"line":10,"column":23},"end":{"line":10,"column":24}},"loc":{"start":{"line":11,"column":1},"end":{"line":11,"column":29}},"line":11}},"branchMap":{},"s":{"0":1,"1":0,"2":1,"3":0,"4":1},"f":{"0":0,"1":0},"b":{},"_coverageSchema":"332fd63041d2c1bcb487cc26dd0d5f7d97098a6c","hash":"fb55d5fb7759eccf43f25c4fea7b38779b1d6921"}
}
