TN:
SF:/media/daniil/DaniilDisk/development/AudioPlayer/src/js/constantsActions.js
FNF:0
FNH:0
DA:3,4
DA:5,4
DA:6,4
DA:7,4
DA:8,4
DA:9,4
DA:10,4
DA:11,4
DA:12,4
DA:13,4
DA:15,4
DA:16,4
DA:17,4
DA:18,4
DA:19,4
LF:15
LH:15
BRF:0
BRH:0
end_of_record
TN:
SF:/media/daniil/DaniilDisk/development/AudioPlayer/src/js/flow-typed.js
FNF:0
FNH:0
LF:0
LH:0
BRF:0
BRH:0
end_of_record
TN:
SF:/media/daniil/DaniilDisk/development/AudioPlayer/src/js/helper.js
FN:5,(anonymous_0)
FN:11,(anonymous_1)
FN:19,(anonymous_2)
FN:21,(anonymous_3)
FNF:4
FNH:3
FNDA:8,(anonymous_0)
FNDA:4,(anonymous_1)
FNDA:4,(anonymous_2)
FNDA:0,(anonymous_3)
DA:5,3
DA:6,8
DA:7,8
DA:8,8
DA:11,3
DA:16,4
DA:19,3
DA:20,4
DA:21,0
LF:9
LH:8
BRDA:7,0,0,4
BRDA:7,0,1,4
BRDA:16,1,0,0
BRDA:16,1,1,4
BRDA:20,2,0,4
BRDA:20,2,1,0
BRF:6
BRH:4
end_of_record
TN:
SF:/media/daniil/DaniilDisk/development/AudioPlayer/src/js/AC/index.js
FN:21,pausePlayer
FN:27,playPlayer
FN:33,nextPlayer
FN:39,prevPlayer
FN:45,repeatPlayer
FN:51,setTrack
FN:58,setTimeTrack
FN:65,setVolume
FN:72,giveTimeTrack
FN:79,setSearchPlayList
FN:86,loadPlayList
FN:87,(anonymous_11)
FN:96,(anonymous_12)
FN:97,(anonymous_13)
FN:101,(anonymous_14)
FNF:15
FNH:4
FNDA:0,pausePlayer
FNDA:0,playPlayer
FNDA:0,nextPlayer
FNDA:0,prevPlayer
FNDA:0,repeatPlayer
FNDA:0,setTrack
FNDA:0,setTimeTrack
FNDA:0,setVolume
FNDA:0,giveTimeTrack
FNDA:0,setSearchPlayList
FNDA:1,loadPlayList
FNDA:1,(anonymous_11)
FNDA:1,(anonymous_12)
FNDA:1,(anonymous_13)
FNDA:0,(anonymous_14)
DA:22,0
DA:28,0
DA:34,0
DA:40,0
DA:46,0
DA:52,0
DA:59,0
DA:66,0
DA:73,0
DA:80,0
DA:87,1
DA:88,1
DA:92,1
DA:96,1
DA:97,1
DA:101,0
LF:16
LH:5
BRF:0
BRH:0
end_of_record
TN:
SF:/media/daniil/DaniilDisk/development/AudioPlayer/src/js/components/ControlPanel/index.jsx
FN:39,(anonymous_0)
FN:92,(anonymous_1)
FN:117,(anonymous_2)
FN:124,(anonymous_3)
FNF:4
FNH:1
FNDA:4,(anonymous_0)
FNDA:0,(anonymous_1)
FNDA:0,(anonymous_2)
FNDA:0,(anonymous_3)
DA:53,4
DA:54,4
DA:55,4
DA:92,0
DA:121,0
DA:124,0
LF:6
LH:3
BRDA:63,0,0,4
BRDA:63,0,1,3
BRDA:69,1,0,4
BRDA:69,1,1,1
BRDA:91,2,0,4
BRDA:91,2,1,1
BRDA:91,2,2,4
BRDA:94,3,0,4
BRDA:94,3,1,1
BRDA:94,3,2,3
BRDA:97,4,0,4
BRDA:97,4,1,1
BRDA:97,4,2,4
BRF:13
BRH:13
end_of_record
TN:
SF:/media/daniil/DaniilDisk/development/AudioPlayer/src/js/components/ControlPanel/Road/index.jsx
FN:10,(anonymous_0)
FN:15,(anonymous_1)
FN:25,(anonymous_2)
FN:31,(anonymous_3)
FN:42,(anonymous_4)
FN:47,(anonymous_5)
FN:51,(anonymous_6)
FN:56,(anonymous_7)
FN:68,(anonymous_8)
FN:73,(anonymous_9)
FN:78,(anonymous_10)
FNF:11
FNH:0
FNDA:0,(anonymous_0)
FNDA:0,(anonymous_1)
FNDA:0,(anonymous_2)
FNDA:0,(anonymous_3)
FNDA:0,(anonymous_4)
FNDA:0,(anonymous_5)
FNDA:0,(anonymous_6)
FNDA:0,(anonymous_7)
FNDA:0,(anonymous_8)
FNDA:0,(anonymous_9)
FNDA:0,(anonymous_10)
DA:11,0
DA:12,0
DA:16,0
DA:17,0
DA:18,0
DA:19,0
DA:26,0
DA:27,0
DA:28,0
DA:31,0
DA:43,0
DA:44,0
DA:48,0
DA:52,0
DA:53,0
DA:57,0
DA:58,0
DA:59,0
DA:60,0
DA:61,0
DA:62,0
DA:63,0
DA:64,0
DA:65,0
DA:69,0
DA:70,0
DA:74,0
DA:75,0
DA:79,0
DA:80,0
LF:30
LH:0
BRDA:11,0,0,0
BRDA:11,0,1,0
BRDA:52,1,0,0
BRDA:52,1,1,0
BRDA:57,2,0,0
BRDA:57,2,1,0
BRDA:59,3,0,0
BRDA:59,3,1,0
BRDA:61,4,0,0
BRDA:61,4,1,0
BRDA:69,5,0,0
BRDA:69,5,1,0
BRF:12
BRH:0
end_of_record
TN:
SF:/media/daniil/DaniilDisk/development/AudioPlayer/src/js/components/ControlPanel/styledComponents/ControlPanelWrapper.js
FNF:0
FNH:0
DA:3,1
LF:1
LH:1
BRF:0
BRH:0
end_of_record
TN:
SF:/media/daniil/DaniilDisk/development/AudioPlayer/src/js/components/ControlPanel/styledComponents/NameTrack.js
FNF:0
FNH:0
DA:3,1
LF:1
LH:1
BRF:0
BRH:0
end_of_record
TN:
SF:/media/daniil/DaniilDisk/development/AudioPlayer/src/js/components/ControlPanel/styledComponents/NextTrack.js
FN:13,(anonymous_0)
FN:20,(anonymous_1)
FN:24,(anonymous_2)
FN:28,(anonymous_3)
FN:30,(anonymous_4)
FNF:5
FNH:0
FNDA:0,(anonymous_0)
FNDA:0,(anonymous_1)
FNDA:0,(anonymous_2)
FNDA:0,(anonymous_3)
FNDA:0,(anonymous_4)
DA:9,1
DA:13,0
DA:20,0
DA:24,0
DA:28,0
DA:30,0
LF:6
LH:1
BRF:0
BRH:0
end_of_record
TN:
SF:/media/daniil/DaniilDisk/development/AudioPlayer/src/js/components/ControlPanel/styledComponents/PlayTrack.js
FN:12,(anonymous_0)
FN:17,(anonymous_1)
FN:19,(anonymous_2)
FNF:3
FNH:0
FNDA:0,(anonymous_0)
FNDA:0,(anonymous_1)
FNDA:0,(anonymous_2)
DA:8,1
DA:12,0
DA:17,0
DA:19,0
LF:4
LH:1
BRF:0
BRH:0
end_of_record
TN:
SF:/media/daniil/DaniilDisk/development/AudioPlayer/src/js/components/ControlPanel/styledComponents/PrevTrack.js
FN:13,(anonymous_0)
FN:20,(anonymous_1)
FN:24,(anonymous_2)
FN:28,(anonymous_3)
FN:30,(anonymous_4)
FNF:5
FNH:0
FNDA:0,(anonymous_0)
FNDA:0,(anonymous_1)
FNDA:0,(anonymous_2)
FNDA:0,(anonymous_3)
FNDA:0,(anonymous_4)
DA:9,1
DA:13,0
DA:20,0
DA:24,0
DA:28,0
DA:30,0
LF:6
LH:1
BRF:0
BRH:0
end_of_record
TN:
SF:/media/daniil/DaniilDisk/development/AudioPlayer/src/js/components/ControlPanel/styledComponents/RepeatTrack.js
FN:7,(anonymous_0)
FN:8,(anonymous_1)
FN:10,(anonymous_2)
FN:10,(anonymous_3)
FN:18,(anonymous_4)
FN:19,(anonymous_5)
FN:20,(anonymous_6)
FN:21,(anonymous_7)
FN:21,(anonymous_8)
FN:22,(anonymous_9)
FN:28,(anonymous_10)
FN:30,(anonymous_11)
FNF:12
FNH:0
FNDA:0,(anonymous_0)
FNDA:0,(anonymous_1)
FNDA:0,(anonymous_2)
FNDA:0,(anonymous_3)
FNDA:0,(anonymous_4)
FNDA:0,(anonymous_5)
FNDA:0,(anonymous_6)
FNDA:0,(anonymous_7)
FNDA:0,(anonymous_8)
FNDA:0,(anonymous_9)
FNDA:0,(anonymous_10)
FNDA:0,(anonymous_11)
DA:3,1
DA:4,1
DA:6,1
DA:7,0
DA:8,0
DA:10,0
DA:18,0
DA:19,0
DA:20,0
DA:21,0
DA:22,0
DA:28,0
DA:30,0
LF:13
LH:3
BRDA:10,0,0,0
BRDA:10,0,1,0
BRDA:21,1,0,0
BRDA:21,1,1,0
BRDA:28,2,0,0
BRDA:28,2,1,0
BRDA:30,3,0,0
BRDA:30,3,1,0
BRF:8
BRH:0
end_of_record
TN:
SF:/media/daniil/DaniilDisk/development/AudioPlayer/src/js/components/ControlPanel/styledComponents/StopTrack.js
FN:7,(anonymous_0)
FN:8,(anonymous_1)
FN:9,(anonymous_2)
FN:9,(anonymous_3)
FN:10,(anonymous_4)
FN:10,(anonymous_5)
FN:14,(anonymous_6)
FN:15,(anonymous_7)
FNF:8
FNH:0
FNDA:0,(anonymous_0)
FNDA:0,(anonymous_1)
FNDA:0,(anonymous_2)
FNDA:0,(anonymous_3)
FNDA:0,(anonymous_4)
FNDA:0,(anonymous_5)
FNDA:0,(anonymous_6)
FNDA:0,(anonymous_7)
DA:4,1
DA:6,1
DA:7,0
DA:8,0
DA:9,0
DA:10,0
DA:14,0
DA:15,0
LF:8
LH:2
BRF:0
BRH:0
end_of_record
TN:
SF:/media/daniil/DaniilDisk/development/AudioPlayer/src/js/components/ControlPanel/styledComponents/TimeTrack.js
FNF:0
FNH:0
DA:4,1
LF:1
LH:1
BRF:0
BRH:0
end_of_record
TN:
SF:/media/daniil/DaniilDisk/development/AudioPlayer/src/js/components/ControlPanel/styledComponents/helper.js
FN:1,(anonymous_0)
FN:4,(anonymous_1)
FN:7,(anonymous_2)
FNF:3
FNH:0
FNDA:0,(anonymous_0)
FNDA:0,(anonymous_1)
FNDA:0,(anonymous_2)
DA:1,1
DA:2,0
DA:4,1
DA:5,0
DA:7,1
DA:8,0
LF:6
LH:3
BRF:0
BRH:0
end_of_record
TN:
SF:/media/daniil/DaniilDisk/development/AudioPlayer/src/js/components/PlayList/index.jsx
FN:25,(anonymous_0)
FN:38,(anonymous_1)
FN:47,(anonymous_2)
FN:63,(anonymous_3)
FN:63,(anonymous_4)
FN:81,(anonymous_5)
FNF:6
FNH:5
FNDA:8,(anonymous_0)
FNDA:1,(anonymous_1)
FNDA:6,(anonymous_2)
FNDA:6,(anonymous_3)
FNDA:3,(anonymous_4)
FNDA:0,(anonymous_5)
DA:33,8
DA:34,8
DA:38,1
DA:48,6
DA:63,6
DA:66,3
DA:68,3
DA:69,1
DA:70,1
DA:71,1
DA:74,2
DA:75,1
DA:77,1
DA:88,0
DA:89,0
LF:15
LH:13
BRDA:41,0,0,8
BRDA:41,0,1,1
BRDA:42,1,0,8
BRDA:42,1,1,1
BRDA:44,2,0,8
BRDA:44,2,1,5
BRDA:44,3,0,1
BRDA:44,3,1,4
BRDA:68,4,0,1
BRDA:68,4,1,2
BRDA:74,5,0,1
BRDA:74,5,1,1
BRF:12
BRH:12
end_of_record
TN:
SF:/media/daniil/DaniilDisk/development/AudioPlayer/src/js/components/PlayList/ItemPlayList/index.jsx
FN:12,(anonymous_0)
FNF:1
FNH:0
FNDA:0,(anonymous_0)
DA:12,1
DA:15,0
LF:2
LH:1
BRF:0
BRH:0
end_of_record
TN:
SF:/media/daniil/DaniilDisk/development/AudioPlayer/src/js/components/PlayList/ItemPlayList/styledComponents/DurationTimeTrack.js
FNF:0
FNH:0
DA:3,1
LF:1
LH:1
BRF:0
BRH:0
end_of_record
TN:
SF:/media/daniil/DaniilDisk/development/AudioPlayer/src/js/components/PlayList/ItemPlayList/styledComponents/ItemPlayLIstWrapper.js
FN:6,(anonymous_0)
FN:9,(anonymous_1)
FNF:2
FNH:0
FNDA:0,(anonymous_0)
FNDA:0,(anonymous_1)
DA:3,1
DA:6,0
DA:9,0
LF:3
LH:1
BRDA:6,0,0,0
BRDA:6,0,1,0
BRDA:9,1,0,0
BRDA:9,1,1,0
BRF:4
BRH:0
end_of_record
TN:
SF:/media/daniil/DaniilDisk/development/AudioPlayer/src/js/components/PlayList/styledComponents/EmptyPlayList.js
FNF:0
FNH:0
DA:3,1
LF:1
LH:1
BRF:0
BRH:0
end_of_record
TN:
SF:/media/daniil/DaniilDisk/development/AudioPlayer/src/js/components/PlayList/styledComponents/LoadFail.js
FNF:0
FNH:0
DA:3,1
LF:1
LH:1
BRF:0
BRH:0
end_of_record
TN:
SF:/media/daniil/DaniilDisk/development/AudioPlayer/src/js/components/PlayList/styledComponents/Loading.js
FNF:0
FNH:0
DA:3,1
LF:1
LH:1
BRF:0
BRH:0
end_of_record
TN:
SF:/media/daniil/DaniilDisk/development/AudioPlayer/src/js/components/PlayList/styledComponents/MainPlayListWrapper.js
FNF:0
FNH:0
DA:3,1
LF:1
LH:1
BRF:0
BRH:0
end_of_record
TN:
SF:/media/daniil/DaniilDisk/development/AudioPlayer/src/js/components/PlayList/styledComponents/PlayListWrapper.js
FNF:0
FNH:0
DA:3,1
LF:1
LH:1
BRF:0
BRH:0
end_of_record
TN:
SF:/media/daniil/DaniilDisk/development/AudioPlayer/src/js/components/PlayList/styledComponents/SearcherInput.js
FNF:0
FNH:0
DA:3,1
LF:1
LH:1
BRF:0
BRH:0
end_of_record
TN:
SF:/media/daniil/DaniilDisk/development/AudioPlayer/src/js/reducer/controlPlayer.js
FN:41,(anonymous_0)
FN:44,(anonymous_1)
FN:46,(anonymous_2)
FN:52,(anonymous_3)
FN:77,(anonymous_4)
FN:96,(anonymous_5)
FNF:6
FNH:6
FNDA:17,(anonymous_0)
FNDA:5,(anonymous_1)
FNDA:8,(anonymous_2)
FNDA:4,(anonymous_3)
FNDA:4,(anonymous_4)
FNDA:2,(anonymous_5)
DA:27,1
DA:42,17
DA:44,17
DA:46,8
DA:47,5
DA:48,5
DA:49,5
DA:52,17
DA:53,4
DA:54,4
DA:55,4
DA:58,17
DA:60,2
DA:61,1
DA:62,1
DA:66,2
DA:67,1
DA:68,1
DA:72,3
DA:73,3
DA:75,3
DA:76,3
DA:77,3
DA:78,4
DA:79,3
DA:80,0
DA:82,3
DA:83,3
DA:91,1
DA:92,1
DA:94,1
DA:95,1
DA:96,1
DA:97,2
DA:98,1
DA:99,0
DA:101,1
DA:102,1
DA:110,1
DA:111,1
DA:112,1
DA:116,1
DA:117,1
DA:118,1
DA:122,1
DA:123,1
DA:127,1
DA:128,1
DA:129,1
DA:133,1
DA:134,1
DA:138,1
DA:142,1
DA:143,1
DA:152,1
DA:153,1
DA:157,1
DA:158,1
DA:166,0
DA:167,0
LF:60
LH:56
BRDA:41,0,0,0
BRDA:47,1,0,5
BRDA:47,1,1,5
BRDA:47,1,2,0
BRDA:53,2,0,0
BRDA:53,2,1,4
BRDA:58,3,0,2
BRDA:58,3,1,2
BRDA:58,3,2,3
BRDA:58,3,3,1
BRDA:58,3,4,1
BRDA:58,3,5,1
BRDA:58,3,6,1
BRDA:58,3,7,1
BRDA:58,3,8,1
BRDA:58,3,9,1
BRDA:58,3,10,1
BRDA:58,3,11,1
BRDA:58,3,12,1
BRDA:58,3,13,0
BRDA:60,4,0,1
BRDA:60,4,1,1
BRDA:66,5,0,1
BRDA:66,5,1,1
BRDA:73,6,0,0
BRDA:73,6,1,3
BRDA:76,7,0,0
BRDA:76,7,1,3
BRDA:78,8,0,3
BRDA:78,8,1,1
BRDA:79,9,0,0
BRDA:79,9,1,3
BRDA:92,10,0,0
BRDA:92,10,1,1
BRDA:95,11,0,0
BRDA:95,11,1,1
BRDA:97,12,0,1
BRDA:97,12,1,1
BRDA:98,13,0,0
BRDA:98,13,1,1
BRDA:101,14,0,0
BRDA:101,14,1,1
BRF:42
BRH:31
end_of_record
TN:
SF:/media/daniil/DaniilDisk/development/AudioPlayer/src/js/selectors/index.js
FN:8,(anonymous_0)
FN:10,(anonymous_1)
FNF:2
FNH:0
FNDA:0,(anonymous_0)
FNDA:0,(anonymous_1)
DA:8,1
DA:9,0
DA:10,1
DA:11,0
DA:13,1
LF:5
LH:3
BRF:0
BRH:0
end_of_record
